2018-12-24 10:57:47,507 INFO (StartupInfoLogger.java:50)- Starting EnglishApplication on seari-PC with PID 8288 (started by seari in E:\work\english\词汇\english)
2018-12-24 10:57:47,521 DEBUG (StartupInfoLogger.java:53)- Running with Spring Boot v2.1.0.RELEASE, Spring v5.1.2.RELEASE
2018-12-24 10:57:47,524 INFO (SpringApplication.java:675)- No active profile set, falling back to default profiles: default
2018-12-24 10:58:36,062 INFO (StartupInfoLogger.java:50)- Starting EnglishApplication on seari-PC with PID 9404 (started by seari in E:\work\english\词汇\english)
2018-12-24 10:58:36,073 DEBUG (StartupInfoLogger.java:53)- Running with Spring Boot v2.1.0.RELEASE, Spring v5.1.2.RELEASE
2018-12-24 10:58:36,075 INFO (SpringApplication.java:675)- No active profile set, falling back to default profiles: default
2018-12-24 10:59:59,707 INFO (StartupInfoLogger.java:50)- Starting EnglishApplication on seari-PC with PID 10056 (started by seari in E:\work\english\词汇\english)
2018-12-24 10:59:59,714 DEBUG (StartupInfoLogger.java:53)- Running with Spring Boot v2.1.0.RELEASE, Spring v5.1.2.RELEASE
2018-12-24 10:59:59,716 INFO (SpringApplication.java:675)- No active profile set, falling back to default profiles: default
2018-12-24 11:01:11,757 INFO (StartupInfoLogger.java:50)- Starting EnglishApplication on seari-PC with PID 4080 (started by seari in E:\work\english\词汇\english)
2018-12-24 11:01:11,763 DEBUG (StartupInfoLogger.java:53)- Running with Spring Boot v2.1.0.RELEASE, Spring v5.1.2.RELEASE
2018-12-24 11:01:11,765 INFO (SpringApplication.java:675)- No active profile set, falling back to default profiles: default
2018-12-24 11:01:16,895 INFO (StartupInfoLogger.java:59)- Started EnglishApplication in 6.382 seconds (JVM running for 8.501)
2018-12-24 11:01:29,046 DEBUG (BaseJdbcLogger.java:159)- ==>  Preparing: SELECT * FROM word WHERE id >= ((SELECT MAX(id) FROM word)-(SELECT MIN(id) FROM word)) * RAND() + (SELECT MIN(id) FROM word) LIMIT ? 
2018-12-24 11:01:29,079 DEBUG (BaseJdbcLogger.java:159)- ==> Parameters: 3000(Integer)
2018-12-24 11:01:29,246 DEBUG (BaseJdbcLogger.java:159)- <==      Total: 1472
2018-12-24 11:01:29,252 INFO (WordServiceImpl.java:138)- 缓存中没有数据，取数据库.现有数据共1471条
2018-12-24 11:01:29,458 INFO (WordController.java:133)- coreWordPage method: pn:1,coreWord:victim
2018-12-24 11:01:29,514 DEBUG (BaseJdbcLogger.java:159)- ==>  Preparing: select id, word, chinese, root, coreword, sentence, note,phonetic from word WHERE ( coreword = ? ) 
2018-12-24 11:01:29,516 DEBUG (BaseJdbcLogger.java:159)- ==> Parameters: victim(String)
2018-12-24 11:01:29,524 DEBUG (BaseJdbcLogger.java:159)- <==      Total: 6
