2018-12-12 17:03:26,300 INFO (StartupInfoLogger.java:50)- Starting EnglishApplication on seari-PC with PID 6060 (E:\ideaworkspace\english\target\classes started by seari in E:\ideaworkspace\english)
2018-12-12 17:03:26,311 DEBUG (StartupInfoLogger.java:53)- Running with Spring Boot v2.1.0.RELEASE, Spring v5.1.2.RELEASE
2018-12-12 17:03:26,314 INFO (SpringApplication.java:675)- No active profile set, falling back to default profiles: default
2018-12-12 17:03:29,693 INFO (StartupInfoLogger.java:59)- Started EnglishApplication in 4.437 seconds (JVM running for 6.148)
2018-12-12 17:03:49,972 INFO (WordController.java:88)- page method: pn:1,word:
2018-12-12 17:03:51,035 DEBUG (BaseJdbcLogger.java:159)- ==>  Preparing: SELECT count(0) FROM word 
2018-12-12 17:03:51,069 DEBUG (BaseJdbcLogger.java:159)- ==> Parameters: 
2018-12-12 17:03:51,087 DEBUG (BaseJdbcLogger.java:159)- <==      Total: 1
2018-12-12 17:03:51,090 DEBUG (BaseJdbcLogger.java:159)- ==>  Preparing: select id, word, chinese, root, coreword, sentence, note from word LIMIT ? 
2018-12-12 17:03:51,091 DEBUG (BaseJdbcLogger.java:159)- ==> Parameters: 10(Integer)
2018-12-12 17:03:51,093 DEBUG (BaseJdbcLogger.java:159)- <==      Total: 3
2018-12-12 17:04:10,131 DEBUG (BaseJdbcLogger.java:159)- ==>  Preparing: select id, word, chinese, root, coreword, sentence, note from word WHERE ( word in ( ? , ? , ? , ? , ? , ? , ? , ? , ? , ? , ? , ? , ? , ? , ? , ? , ? , ? , ? , ? , ? , ? , ? , ? , ? , ? , ? , ? , ? , ? , ? , ? , ? , ? , ? , ? , ? , ? , ? , ? ) ) 
2018-12-12 17:04:10,135 DEBUG (BaseJdbcLogger.java:159)- ==> Parameters: province(String), province-wide(String), provincial(String), provincially(String), provinciality(String), provincialism(String), victor(String), victory(String), victorious(String), victoriously(String), Victorian(String), Victorian-era(String), Victorian-style(String), late-Victorian(String), neo-Victorian(String), victim(String), victimless(String), victimize(String), victimized(String), victimization(String), victimizer(String), convince(String), convinced(String), unconvinced(String), convincing(String), unconvincing(String), convincingly(String), unconvincingly(String), convict(String), ex-convict(String), post-conviction(String), evict(String), eviction(String), evicted(String), evince(String), evincible(String), evincive(String), vincible(String), invincible(String), invincibility(String)
2018-12-12 17:04:10,137 DEBUG (BaseJdbcLogger.java:159)- <==      Total: 0
2018-12-12 17:04:10,147 DEBUG (BaseJdbcLogger.java:159)- ==>  Preparing: INSERT INTO word(word, chinese,note,coreword,root,sentence,phonetic) values ( ?,?,?, ?,?,?, ,? ) , ( ?,?,?, ?,?,?, ,? ) , ( ?,?,?, ?,?,?, ,? ) 
2018-12-12 17:04:10,149 DEBUG (BaseJdbcLogger.java:159)- ==> Parameters: province(String), n. 省；领域；职权【词频3249】【B1M1】(String), 【pro-向前+vinc-征服-占有，统治-管理+e名词后缀】(String), province(String), vinc(String), null, 'prɒvɪns(String), province-wide(String), adj. 全省的adv. 全省地【词频59028】(String), 【合成词】(String), province(String), vinc(String), null, ˈprɒvɪnsˌwaɪd(String), provincial(String), adj. 省的；地方性的n. 乡下人；外地人【词频6393，44409】(String), 【province+-i-连字符+-al形容词或名词后缀】(String), province(String), vinc(String), null, prə'vɪnʃ(ə)l(String)
2018-12-12 17:04:10,357 ERROR (WordController.java:117)- org.springframework.jdbc.BadSqlGrammarException: 
### Error updating database.  Cause: com.mysql.jdbc.exceptions.jdbc4.MySQLSyntaxErrorException: You have an error in your SQL syntax; check the manual that corresponds to your MySQL server version for the right syntax to use near ''\'prɒvɪns'
            )
         , 
            (
            'province-wide' at line 7
### The error may involve com.kjw.dao.WordMapper.batchInsert-Inline
### The error occurred while setting parameters
### SQL: INSERT INTO word(word, chinese,note,coreword,root,sentence,phonetic)         values                        (             ?,?,?,             ?,?,?,             ,?             )          ,              (             ?,?,?,             ?,?,?,             ,?             )          ,              (             ?,?,?,             ?,?,?,             ,?             )
### Cause: com.mysql.jdbc.exceptions.jdbc4.MySQLSyntaxErrorException: You have an error in your SQL syntax; check the manual that corresponds to your MySQL server version for the right syntax to use near ''\'prɒvɪns'
            )
         , 
            (
            'province-wide' at line 7
; bad SQL grammar []; nested exception is com.mysql.jdbc.exceptions.jdbc4.MySQLSyntaxErrorException: You have an error in your SQL syntax; check the manual that corresponds to your MySQL server version for the right syntax to use near ''\'prɒvɪns'
            )
         , 
            (
            'province-wide' at line 7
2018-12-12 17:05:30,472 INFO (StartupInfoLogger.java:50)- Starting EnglishApplication on seari-PC with PID 11556 (E:\ideaworkspace\english\target\classes started by seari in E:\ideaworkspace\english)
2018-12-12 17:05:30,478 DEBUG (StartupInfoLogger.java:53)- Running with Spring Boot v2.1.0.RELEASE, Spring v5.1.2.RELEASE
2018-12-12 17:05:30,480 INFO (SpringApplication.java:675)- No active profile set, falling back to default profiles: default
2018-12-12 17:05:33,311 INFO (StartupInfoLogger.java:59)- Started EnglishApplication in 3.918 seconds (JVM running for 5.64)
2018-12-12 17:05:55,750 DEBUG (BaseJdbcLogger.java:159)- ==>  Preparing: select id, word, chinese, root, coreword, sentence, note from word WHERE ( word in ( ? , ? , ? , ? , ? , ? , ? , ? , ? , ? , ? , ? , ? , ? , ? , ? , ? , ? , ? , ? , ? , ? , ? , ? , ? , ? , ? , ? , ? , ? , ? , ? , ? , ? , ? , ? , ? , ? , ? , ? ) ) 
2018-12-12 17:05:55,774 DEBUG (BaseJdbcLogger.java:159)- ==> Parameters: province(String), province-wide(String), provincial(String), provincially(String), provinciality(String), provincialism(String), victor(String), victory(String), victorious(String), victoriously(String), Victorian(String), Victorian-era(String), Victorian-style(String), late-Victorian(String), neo-Victorian(String), victim(String), victimless(String), victimize(String), victimized(String), victimization(String), victimizer(String), convince(String), convinced(String), unconvinced(String), convincing(String), unconvincing(String), convincingly(String), unconvincingly(String), convict(String), ex-convict(String), post-conviction(String), evict(String), eviction(String), evicted(String), evince(String), evincible(String), evincive(String), vincible(String), invincible(String), invincibility(String)
2018-12-12 17:05:55,791 DEBUG (BaseJdbcLogger.java:159)- <==      Total: 0
2018-12-12 17:05:55,804 DEBUG (BaseJdbcLogger.java:159)- ==>  Preparing: INSERT INTO word(word, chinese,note,coreword,root,sentence,phonetic) values ( ?,?,?, ?,?,?, ? ) , ( ?,?,?, ?,?,?, ? ) , ( ?,?,?, ?,?,?, ? ) 
2018-12-12 17:05:55,805 DEBUG (BaseJdbcLogger.java:159)- ==> Parameters: province(String), n. 省；领域；职权【词频3249】【B1M1】(String), 【pro-向前+vinc-征服-占有，统治-管理+e名词后缀】(String), province(String), vinc(String), null, 'prɒvɪns(String), province-wide(String), adj. 全省的adv. 全省地【词频59028】(String), 【合成词】(String), province(String), vinc(String), null, ˈprɒvɪnsˌwaɪd(String), provincial(String), adj. 省的；地方性的n. 乡下人；外地人【词频6393，44409】(String), 【province+-i-连字符+-al形容词或名词后缀】(String), province(String), vinc(String), null, prə'vɪnʃ(ə)l(String)
2018-12-12 17:05:55,860 DEBUG (BaseJdbcLogger.java:159)- <==    Updates: 3
2018-12-12 17:05:55,862 DEBUG (BaseJdbcLogger.java:159)- ==>  Preparing: INSERT INTO word(word, chinese,note,coreword,root,sentence,phonetic) values ( ?,?,?, ?,?,?, ? ) , ( ?,?,?, ?,?,?, ? ) , ( ?,?,?, ?,?,?, ? ) 
2018-12-12 17:05:55,865 DEBUG (BaseJdbcLogger.java:159)- ==> Parameters: provincially(String), adv. 以地方；偏狭地【词频55594】(String), 【provincial+ly副词后缀】(String), province(String), vinc(String), null, prəu'vinʃəli(String), provinciality(String), n. 乡下习气；粗鄙，偏狭；地方特色【词频57123】(String), 【provincial+-i-连字符+ty名词后缀】(String), province(String), vinc(String), null, prəʊ,vɪnʃɪ'ælətɪ(String), provincialism(String), n. 方言；地方风格；乡下习气(String), 【provincial+ism名词后缀，表...主义】(String), province(String), vinc(String), null, prə'vɪnʃ(ə)lɪz(ə)m(String)
2018-12-12 17:05:55,868 DEBUG (BaseJdbcLogger.java:159)- <==    Updates: 3
2018-12-12 17:05:55,870 DEBUG (BaseJdbcLogger.java:159)- ==>  Preparing: INSERT INTO word(word, chinese,note,coreword,root,sentence,phonetic) values ( ?,?,?, ?,?,?, ? ) , ( ?,?,?, ?,?,?, ? ) , ( ?,?,?, ?,?,?, ? ) 
2018-12-12 17:05:55,872 DEBUG (BaseJdbcLogger.java:159)- ==> Parameters: victor(String), n. 胜利者【词频13052】(String), 【-vict-胜利+ -or(高端人士)==-er(低端人士)名词后缀，表人或物(String), victor(String), vict(String), null, 'vɪktə(String), victory(String), n. 胜利；成功；克服【词频1467】【B5M5】(String), 【-vict-胜利+ory名词或形容词后缀】(String), victor(String), vict(String), null, 'vɪkt(ə)rɪ(String), victorious(String), adj. 胜利的；凯旋的【词频11883】(String), 【victor+i连字符+ous形容词后缀
danger->dangerous
fame->famous】(String), victor(String), vict(String), null, vɪk'tɔːrɪəs(String)
2018-12-12 17:05:55,898 DEBUG (BaseJdbcLogger.java:159)- <==    Updates: 3
2018-12-12 17:05:55,900 DEBUG (BaseJdbcLogger.java:159)- ==>  Preparing: INSERT INTO word(word, chinese,note,coreword,root,sentence,phonetic) values ( ?,?,?, ?,?,?, ? ) , ( ?,?,?, ?,?,?, ? ) , ( ?,?,?, ?,?,?, ? ) 
2018-12-12 17:05:55,902 DEBUG (BaseJdbcLogger.java:159)- ==> Parameters: victoriously(String), adv. 获胜地；凯旋归来地【词频46679】(String), 【victorious +ly副词后缀】(String), victor(String), vict(String), null, vɪk'tɔriəsli(String), Victorian(String), adj. 维多利亚女王时代的n. 维多利亚时代【词频6333，23683】(String), 【Victoria+i连字符+an名词或形容词后缀
Asia->Asian;Africa->African;America->American;Europe->European…】(String), victor(String), vict(String), null, vik'tɔ:riən(String), Victorian-era(String), n. 维多利亚时代【词频37086】(String), 【合成词	ear n.时代】(String), victor(String), vict(String), null, vik'tɔ:riən-'ɪərə(String)
2018-12-12 17:05:55,905 DEBUG (BaseJdbcLogger.java:159)- <==    Updates: 3
2018-12-12 17:05:55,907 DEBUG (BaseJdbcLogger.java:159)- ==>  Preparing: INSERT INTO word(word, chinese,note,coreword,root,sentence,phonetic) values ( ?,?,?, ?,?,?, ? ) , ( ?,?,?, ?,?,?, ? ) , ( ?,?,?, ?,?,?, ? ) 
2018-12-12 17:05:55,908 DEBUG (BaseJdbcLogger.java:159)- ==> Parameters: Victorian-style(String), n. 维多利亚风格【词频38131】(String), 【合成词】(String), victor(String), vict(String), null, vik'tɔ:riən-staɪl(String), late-Victorian(String), adj.维多利亚晚期【词频51544】(String), 【合成词】(String), victor(String), vict(String), null, leɪt-vik'tɔ:riən(String), neo-Victorian(String), adj. 新维多利亚的【词频57608】(String), 【neo新	合成词】(String), victor(String), vict(String), null, 'ni:əu-vik'tɔ:riən(String)
2018-12-12 17:05:55,911 DEBUG (BaseJdbcLogger.java:159)- <==    Updates: 3
2018-12-12 17:05:55,913 DEBUG (BaseJdbcLogger.java:159)- ==>  Preparing: INSERT INTO word(word, chinese,note,coreword,root,sentence,phonetic) values ( ?,?,?, ?,?,?, ? ) , ( ?,?,?, ?,?,?, ? ) , ( ?,?,?, ?,?,?, ? ) 
2018-12-12 17:05:55,915 DEBUG (BaseJdbcLogger.java:159)- ==> Parameters: victim(String), n. 受害者【词频1064】【B4M4】(String), 【-vict-征服-俘虏-罪人-受害者 + -im 名词后缀，表人】(String), victim(String), vict(String), null, 'vɪktɪm(String), victimless(String), adj. 不侵害他人的，无受害人的（犯罪行为等）【词频33578】(String), 【victim+less形容词后缀，表否定(String), victim(String), vict(String), null, 'vɪktɪmlɪs(String), victimize(String), vt. 使受害；使牺牲；欺骗【词频10957】(String), 【victim+ize动词后缀】(String), victim(String), vict(String), null, 'vɪktɪmaɪz(String)
2018-12-12 17:05:55,961 DEBUG (BaseJdbcLogger.java:159)- <==    Updates: 3
2018-12-12 17:05:55,965 DEBUG (BaseJdbcLogger.java:159)- ==>  Preparing: INSERT INTO word(word, chinese,note,coreword,root,sentence,phonetic) values ( ?,?,?, ?,?,?, ? ) , ( ?,?,?, ?,?,?, ? ) , ( ?,?,?, ?,?,?, ? ) 
2018-12-12 17:05:55,967 DEBUG (BaseJdbcLogger.java:159)- ==> Parameters: victimized(String), vt. 使受害；使牺牲；欺骗【词频27113】(String), 【victimize+ed形容词后缀，此表过去式和过去分词】(String), victim(String), vict(String), null, 'vɪktɪmaɪz(String), victimization(String), n. 牺牲；欺骗【词频10715】(String), 【victimize+-ate+-ion名词后缀==-ation名词(String), victim(String), vict(String), null, ,vɪktɪmɪ'zeʃən(String), victimizer(String), n. 施害者【词频36500】(String), 【victimize+er名词后缀，表人】(String), victim(String), vict(String), null, 'vɪktɪmaɪzə(String)
2018-12-12 17:05:55,974 DEBUG (BaseJdbcLogger.java:159)- <==    Updates: 3
2018-12-12 17:05:55,977 DEBUG (BaseJdbcLogger.java:159)- ==>  Preparing: INSERT INTO word(word, chinese,note,coreword,root,sentence,phonetic) values ( ?,?,?, ?,?,?, ? ) , ( ?,?,?, ?,?,?, ? ) , ( ?,?,?, ?,?,?, ? ) 
2018-12-12 17:05:55,979 DEBUG (BaseJdbcLogger.java:159)- ==> Parameters: convince(String), vt. 说服；使确信【词频2050】(String), 【con-强调，共同+ vinc-征服-使人信服-说服+ e-名词后缀】(String), convince(String), vinc(String), null, kən'vɪns(String), convinced(String), adj. 确信的，信服的【词频3742】【X8M4】(String), 【convince+ed形容词后缀】(String), convince(String), vinc(String), null, kən'vɪnst(String), unconvinced(String), adj. 不信服的；怀疑的【词频20482】(String), 【un-否定+convinced】(String), convince(String), vinc(String), null, ,ʌnkən'vɪnst(String)
2018-12-12 17:05:55,983 DEBUG (BaseJdbcLogger.java:159)- <==    Updates: 3
2018-12-12 17:05:55,986 DEBUG (BaseJdbcLogger.java:159)- ==>  Preparing: INSERT INTO word(word, chinese,note,coreword,root,sentence,phonetic) values ( ?,?,?, ?,?,?, ? ) , ( ?,?,?, ?,?,?, ? ) , ( ?,?,?, ?,?,?, ? ) 
2018-12-12 17:05:55,987 DEBUG (BaseJdbcLogger.java:159)- ==> Parameters: convincing(String), adj. 令人信服的；有说服力的【词频6217】(String), 【convinc+ing形容词后缀，表令...的】(String), convince(String), vinc(String), null, kən'vɪnsɪŋ(String), unconvincing(String), adj. 不足以令人相信的【词频25204】(String), 【un-否定+convincing】(String), convince(String), vinc(String), null, ʌnkən'vɪnsɪŋ(String), convincingly(String), adv. 令人信服地；有说服力地【词频14175】(String), 【convincing+ly副词后缀】(String), convince(String), vinc(String), null, kən'vɪnsɪŋli(String)
2018-12-12 17:05:55,992 DEBUG (BaseJdbcLogger.java:159)- <==    Updates: 3
2018-12-12 17:05:55,994 DEBUG (BaseJdbcLogger.java:159)- ==>  Preparing: INSERT INTO word(word, chinese,note,coreword,root,sentence,phonetic) values ( ?,?,?, ?,?,?, ? ) , ( ?,?,?, ?,?,?, ? ) , ( ?,?,?, ?,?,?, ? ) 
2018-12-12 17:05:55,996 DEBUG (BaseJdbcLogger.java:159)- ==> Parameters: unconvincingly(String), adv. 缺乏说服力地；无法令人信服地【词频40853】(String), 【un-否定+convincingly】(String), convince(String), vinc(String), null, ʌnkən'vɪnsɪŋli(String), convict(String), n. 囚犯vt. 证明…有罪；宣告…有罪【词频3706，12076】【X7M3】(String), 【con-强调+ -vict-征服-俘虏-囚犯;宣告...有罪】(String), convict(String), vict(String), null, kən'vɪkt(String), ex-convict(String), n. 从前曾被判刑的人；[法] 前科犯【词频31790】(String), 【ex-前任+convict(String), convict(String), vict(String), null, ,eks'kɔnvikt(String)
2018-12-12 17:05:55,999 DEBUG (BaseJdbcLogger.java:159)- <==    Updates: 3
2018-12-12 17:05:56,002 DEBUG (BaseJdbcLogger.java:159)- ==>  Preparing: INSERT INTO word(word, chinese,note,coreword,root,sentence,phonetic) values ( ?,?,?, ?,?,?, ? ) , ( ?,?,?, ?,?,?, ? ) , ( ?,?,?, ?,?,?, ? ) 
2018-12-12 17:05:56,003 DEBUG (BaseJdbcLogger.java:159)- ==> Parameters: post-conviction(String), n. 定罪后【词频47805】(String), 【post-后+conviction】(String), convict(String), vict(String), null, pəust-kən'vɪkʃ(ə)n(String), evict(String), vt. 驱逐；逐出【词频12684】(String), 【e-向外+-vict-征服-占领-驱逐】(String), evict(String), vict(String), null, ɪ'vɪkt(String), eviction(String), n. 逐出；赶出；收回【词频16890】(String), 【evict+ion名词后缀】(String), evict(String), vict(String), null, ɪ'vɪkʃ(ə)n(String)
2018-12-12 17:05:56,006 DEBUG (BaseJdbcLogger.java:159)- <==    Updates: 3
2018-12-12 17:05:56,007 DEBUG (BaseJdbcLogger.java:159)- ==>  Preparing: INSERT INTO word(word, chinese,note,coreword,root,sentence,phonetic) values ( ?,?,?, ?,?,?, ? ) , ( ?,?,?, ?,?,?, ? ) , ( ?,?,?, ?,?,?, ? ) 
2018-12-12 17:05:56,009 DEBUG (BaseJdbcLogger.java:159)- ==> Parameters: evicted(String), adj. 被驱逐的【词频54954】(String), 【evict+ed形容词后缀】(String), evict(String), vict(String), null, ɪ'vɪktid(String), evince(String), vt. 表明，表示；引起【词频19431】(String), 【e向外+-vinc-胜利--表明，显示+e动词后缀】(String), evince(String), vinc(String), null, ɪ'vɪns(String), evincible(String), 可表明的(String), 【evince+ible形容词后缀】(String), evince(String), vinc(String), null, null
2018-12-12 17:05:56,011 DEBUG (BaseJdbcLogger.java:159)- <==    Updates: 3
2018-12-12 17:05:56,013 DEBUG (BaseJdbcLogger.java:159)- ==>  Preparing: INSERT INTO word(word, chinese,note,coreword,root,sentence,phonetic) values ( ?,?,?, ?,?,?, ? ) , ( ?,?,?, ?,?,?, ? ) , ( ?,?,?, ?,?,?, ? ) 
2018-12-12 17:05:56,014 DEBUG (BaseJdbcLogger.java:159)- ==> Parameters: evincive(String), adj. 显示的；证明性的；表明的(String), 【evince+ive形容词后缀】(String), evince(String), vinc(String), null, null, vincible(String), adj. 可征服的，易克服的(String), 【vinc征服+-ible=able，形容词后缀，表能...的】(String), vincible(String), vinc(String), null, 'vɪnsɪb(ə)l(String), invincible(String), adj. 无敌的；不能征服的【词频15520】(String), 【in-否定+vincible】(String), vincible(String), vinc(String), null, ɪn'vɪnsɪb(ə)l(String)
2018-12-12 17:05:56,018 DEBUG (BaseJdbcLogger.java:159)- <==    Updates: 3
2018-12-12 17:05:56,020 DEBUG (BaseJdbcLogger.java:159)- ==>  Preparing: INSERT INTO word(word, chinese,note,coreword,root,sentence,phonetic) values ( ?,?,?, ?,?,?, ? ) 
2018-12-12 17:05:56,021 DEBUG (BaseJdbcLogger.java:159)- ==> Parameters: invincibility(String), n. 无敌；不可战胜【词频28489】(String), 【invincible+i连字符+ty名词后缀，常用复合后缀，-ible+-i-+-ty=l和e交换=ibelity->然后e变i加ty=-ibility==-ability】(String), vincible(String), vinc(String), null, ɪn,vɪnsə'bɪləti(String)
2018-12-12 17:05:56,024 DEBUG (BaseJdbcLogger.java:159)- <==    Updates: 1
2018-12-12 17:05:58,065 INFO (WordController.java:88)- page method: pn:1,word:
2018-12-12 17:05:58,137 DEBUG (BaseJdbcLogger.java:159)- ==>  Preparing: SELECT count(0) FROM word 
2018-12-12 17:05:58,139 DEBUG (BaseJdbcLogger.java:159)- ==> Parameters: 
2018-12-12 17:05:58,143 DEBUG (BaseJdbcLogger.java:159)- <==      Total: 1
2018-12-12 17:05:58,149 DEBUG (BaseJdbcLogger.java:159)- ==>  Preparing: select id, word, chinese, root, coreword, sentence, note from word LIMIT ? 
2018-12-12 17:05:58,151 DEBUG (BaseJdbcLogger.java:159)- ==> Parameters: 10(Integer)
2018-12-12 17:05:58,158 DEBUG (BaseJdbcLogger.java:159)- <==      Total: 10
2018-12-12 17:07:47,262 INFO (StartupInfoLogger.java:50)- Starting EnglishApplication on seari-PC with PID 9888 (E:\ideaworkspace\english\target\classes started by seari in E:\ideaworkspace\english)
2018-12-12 17:07:47,268 DEBUG (StartupInfoLogger.java:53)- Running with Spring Boot v2.1.0.RELEASE, Spring v5.1.2.RELEASE
2018-12-12 17:07:47,271 INFO (SpringApplication.java:675)- No active profile set, falling back to default profiles: default
2018-12-12 17:07:50,018 INFO (StartupInfoLogger.java:59)- Started EnglishApplication in 3.991 seconds (JVM running for 5.955)
2018-12-12 17:07:57,800 DEBUG (BaseJdbcLogger.java:159)- ==>  Preparing: select id, word, chinese, root, coreword, sentence, note from word WHERE ( word in ( ? , ? , ? , ? , ? , ? , ? , ? , ? , ? , ? , ? , ? , ? , ? , ? , ? , ? , ? , ? , ? , ? , ? , ? , ? , ? , ? , ? , ? , ? , ? , ? , ? , ? , ? , ? , ? , ? , ? , ? ) ) 
2018-12-12 17:07:57,820 DEBUG (BaseJdbcLogger.java:159)- ==> Parameters: province(String), province-wide(String), provincial(String), provincially(String), provinciality(String), provincialism(String), victor(String), victory(String), victorious(String), victoriously(String), Victorian(String), Victorian-era(String), Victorian-style(String), late-Victorian(String), neo-Victorian(String), victim(String), victimless(String), victimize(String), victimized(String), victimization(String), victimizer(String), convince(String), convinced(String), unconvinced(String), convincing(String), unconvincing(String), convincingly(String), unconvincingly(String), convict(String), ex-convict(String), post-conviction(String), evict(String), eviction(String), evicted(String), evince(String), evincible(String), evincive(String), vincible(String), invincible(String), invincibility(String)
2018-12-12 17:07:57,843 DEBUG (BaseJdbcLogger.java:159)- <==      Total: 40
2018-12-12 17:08:18,225 DEBUG (BaseJdbcLogger.java:159)- ==>  Preparing: select id, word, chinese, root, coreword, sentence, note from word WHERE ( word in ( ? , ? , ? , ? , ? , ? , ? , ? , ? , ? , ? , ? , ? , ? , ? , ? , ? , ? , ? , ? , ? , ? , ? , ? , ? , ? , ? , ? , ? , ? , ? , ? , ? , ? , ? , ? , ? , ? , ? , ? ) ) 
2018-12-12 17:08:18,228 DEBUG (BaseJdbcLogger.java:159)- ==> Parameters: province(String), province-wide(String), provincial(String), provincially(String), provinciality(String), provincialism(String), victor(String), victory(String), victorious(String), victoriously(String), Victorian(String), Victorian-era(String), Victorian-style(String), late-Victorian(String), neo-Victorian(String), victim(String), victimless(String), victimize(String), victimized(String), victimization(String), victimizer(String), convince(String), convinced(String), unconvinced(String), convincing(String), unconvincing(String), convincingly(String), unconvincingly(String), convict(String), ex-convict(String), post-conviction(String), evict(String), eviction(String), evicted(String), evince(String), evincible(String), evincive(String), vincible(String), invincible(String), invincibility(String)
2018-12-12 17:08:18,229 DEBUG (BaseJdbcLogger.java:159)- <==      Total: 0
2018-12-12 17:08:18,242 DEBUG (BaseJdbcLogger.java:159)- ==>  Preparing: INSERT INTO word(word, chinese,note,coreword,root,sentence,phonetic) values ( ?,?,?, ?,?,?, ? ) , ( ?,?,?, ?,?,?, ? ) , ( ?,?,?, ?,?,?, ? ) 
2018-12-12 17:08:18,244 DEBUG (BaseJdbcLogger.java:159)- ==> Parameters: province(String), n. 省；领域；职权【词频3249】【B1M1】(String), 【pro-向前+vinc-征服-占有，统治-管理+e名词后缀】(String), province(String), vinc(String), null, ['prɒvɪns](String), province-wide(String), adj. 全省的adv. 全省地【词频59028】(String), 【合成词】(String), province(String), vinc(String), null, [ˈprɒvɪnsˌwaɪd](String), provincial(String), adj. 省的；地方性的n. 乡下人；外地人【词频6393，44409】(String), 【province+-i-连字符+-al形容词或名词后缀】(String), province(String), vinc(String), null, [prə'vɪnʃ(ə)l](String)
2018-12-12 17:08:18,257 DEBUG (BaseJdbcLogger.java:159)- <==    Updates: 3
2018-12-12 17:08:18,261 DEBUG (BaseJdbcLogger.java:159)- ==>  Preparing: INSERT INTO word(word, chinese,note,coreword,root,sentence,phonetic) values ( ?,?,?, ?,?,?, ? ) , ( ?,?,?, ?,?,?, ? ) , ( ?,?,?, ?,?,?, ? ) 
2018-12-12 17:08:18,264 DEBUG (BaseJdbcLogger.java:159)- ==> Parameters: provincially(String), adv. 以地方；偏狭地【词频55594】(String), 【provincial+ly副词后缀】(String), province(String), vinc(String), null, [prəu'vinʃəli](String), provinciality(String), n. 乡下习气；粗鄙，偏狭；地方特色【词频57123】(String), 【provincial+-i-连字符+ty名词后缀】(String), province(String), vinc(String), null, [prəʊ,vɪnʃɪ'ælətɪ](String), provincialism(String), n. 方言；地方风格；乡下习气(String), 【provincial+ism名词后缀，表...主义】(String), province(String), vinc(String), null, [prə'vɪnʃ(ə)lɪz(ə)m](String)
2018-12-12 17:08:18,267 DEBUG (BaseJdbcLogger.java:159)- <==    Updates: 3
2018-12-12 17:08:18,269 DEBUG (BaseJdbcLogger.java:159)- ==>  Preparing: INSERT INTO word(word, chinese,note,coreword,root,sentence,phonetic) values ( ?,?,?, ?,?,?, ? ) , ( ?,?,?, ?,?,?, ? ) , ( ?,?,?, ?,?,?, ? ) 
2018-12-12 17:08:18,271 DEBUG (BaseJdbcLogger.java:159)- ==> Parameters: victor(String), n. 胜利者【词频13052】(String), 【-vict-胜利+ -or(高端人士)==-er(低端人士)名词后缀，表人或物(String), victor(String), vict(String), null, ['vɪktə](String), victory(String), n. 胜利；成功；克服【词频1467】【B5M5】(String), 【-vict-胜利+ory名词或形容词后缀】(String), victor(String), vict(String), null, ['vɪkt(ə)rɪ](String), victorious(String), adj. 胜利的；凯旋的【词频11883】(String), 【victor+i连字符+ous形容词后缀
danger->dangerous
fame->famous】(String), victor(String), vict(String), null, [vɪk'tɔːrɪəs](String)
2018-12-12 17:08:18,274 DEBUG (BaseJdbcLogger.java:159)- <==    Updates: 3
2018-12-12 17:08:18,276 DEBUG (BaseJdbcLogger.java:159)- ==>  Preparing: INSERT INTO word(word, chinese,note,coreword,root,sentence,phonetic) values ( ?,?,?, ?,?,?, ? ) , ( ?,?,?, ?,?,?, ? ) , ( ?,?,?, ?,?,?, ? ) 
2018-12-12 17:08:18,279 DEBUG (BaseJdbcLogger.java:159)- ==> Parameters: victoriously(String), adv. 获胜地；凯旋归来地【词频46679】(String), 【victorious +ly副词后缀】(String), victor(String), vict(String), null, [vɪk'tɔriəsli](String), Victorian(String), adj. 维多利亚女王时代的n. 维多利亚时代【词频6333，23683】(String), 【Victoria+i连字符+an名词或形容词后缀
Asia->Asian;Africa->African;America->American;Europe->European…】(String), victor(String), vict(String), null, [vik'tɔ:riən](String), Victorian-era(String), n. 维多利亚时代【词频37086】(String), 【合成词	ear n.时代】(String), victor(String), vict(String), null, [vik'tɔ:riən-'ɪərə](String)
2018-12-12 17:08:18,284 DEBUG (BaseJdbcLogger.java:159)- <==    Updates: 3
2018-12-12 17:08:18,286 DEBUG (BaseJdbcLogger.java:159)- ==>  Preparing: INSERT INTO word(word, chinese,note,coreword,root,sentence,phonetic) values ( ?,?,?, ?,?,?, ? ) , ( ?,?,?, ?,?,?, ? ) , ( ?,?,?, ?,?,?, ? ) 
2018-12-12 17:08:18,287 DEBUG (BaseJdbcLogger.java:159)- ==> Parameters: Victorian-style(String), n. 维多利亚风格【词频38131】(String), 【合成词】(String), victor(String), vict(String), null, [vik'tɔ:riən-staɪl](String), late-Victorian(String), adj.维多利亚晚期【词频51544】(String), 【合成词】(String), victor(String), vict(String), null, [[leɪt-vik'tɔ:riən](String), neo-Victorian(String), adj. 新维多利亚的【词频57608】(String), 【neo新	合成词】(String), victor(String), vict(String), null, ['ni:əu-vik'tɔ:riən](String)
2018-12-12 17:08:18,290 DEBUG (BaseJdbcLogger.java:159)- <==    Updates: 3
2018-12-12 17:08:18,292 DEBUG (BaseJdbcLogger.java:159)- ==>  Preparing: INSERT INTO word(word, chinese,note,coreword,root,sentence,phonetic) values ( ?,?,?, ?,?,?, ? ) , ( ?,?,?, ?,?,?, ? ) , ( ?,?,?, ?,?,?, ? ) 
2018-12-12 17:08:18,294 DEBUG (BaseJdbcLogger.java:159)- ==> Parameters: victim(String), n. 受害者【词频1064】【B4M4】(String), 【-vict-征服-俘虏-罪人-受害者 + -im 名词后缀，表人】(String), victim(String), vict(String), null, ['vɪktɪm](String), victimless(String), adj. 不侵害他人的，无受害人的（犯罪行为等）【词频33578】(String), 【victim+less形容词后缀，表否定(String), victim(String), vict(String), null, ['vɪktɪmlɪs](String), victimize(String), vt. 使受害；使牺牲；欺骗【词频10957】(String), 【victim+ize动词后缀】(String), victim(String), vict(String), null, ['vɪktɪmaɪz](String)
2018-12-12 17:08:18,298 DEBUG (BaseJdbcLogger.java:159)- <==    Updates: 3
2018-12-12 17:08:18,300 DEBUG (BaseJdbcLogger.java:159)- ==>  Preparing: INSERT INTO word(word, chinese,note,coreword,root,sentence,phonetic) values ( ?,?,?, ?,?,?, ? ) , ( ?,?,?, ?,?,?, ? ) , ( ?,?,?, ?,?,?, ? ) 
2018-12-12 17:08:18,301 DEBUG (BaseJdbcLogger.java:159)- ==> Parameters: victimized(String), vt. 使受害；使牺牲；欺骗【词频27113】(String), 【victimize+ed形容词后缀，此表过去式和过去分词】(String), victim(String), vict(String), null, ['vɪktɪmaɪz](String), victimization(String), n. 牺牲；欺骗【词频10715】(String), 【victimize+-ate+-ion名词后缀==-ation名词(String), victim(String), vict(String), null, [,vɪktɪmɪ'zeʃən](String), victimizer(String), n. 施害者【词频36500】(String), 【victimize+er名词后缀，表人】(String), victim(String), vict(String), null, ['vɪktɪmaɪzə](String)
2018-12-12 17:08:18,305 DEBUG (BaseJdbcLogger.java:159)- <==    Updates: 3
2018-12-12 17:08:18,307 DEBUG (BaseJdbcLogger.java:159)- ==>  Preparing: INSERT INTO word(word, chinese,note,coreword,root,sentence,phonetic) values ( ?,?,?, ?,?,?, ? ) , ( ?,?,?, ?,?,?, ? ) , ( ?,?,?, ?,?,?, ? ) 
2018-12-12 17:08:18,309 DEBUG (BaseJdbcLogger.java:159)- ==> Parameters: convince(String), vt. 说服；使确信【词频2050】(String), 【con-强调，共同+ vinc-征服-使人信服-说服+ e-名词后缀】(String), convince(String), vinc(String), null, [kən'vɪns](String), convinced(String), adj. 确信的，信服的【词频3742】【X8M4】(String), 【convince+ed形容词后缀】(String), convince(String), vinc(String), null, [kən'vɪnst](String), unconvinced(String), adj. 不信服的；怀疑的【词频20482】(String), 【un-否定+convinced】(String), convince(String), vinc(String), null, [,ʌnkən'vɪnst](String)
2018-12-12 17:08:18,313 DEBUG (BaseJdbcLogger.java:159)- <==    Updates: 3
2018-12-12 17:08:18,317 DEBUG (BaseJdbcLogger.java:159)- ==>  Preparing: INSERT INTO word(word, chinese,note,coreword,root,sentence,phonetic) values ( ?,?,?, ?,?,?, ? ) , ( ?,?,?, ?,?,?, ? ) , ( ?,?,?, ?,?,?, ? ) 
2018-12-12 17:08:18,319 DEBUG (BaseJdbcLogger.java:159)- ==> Parameters: convincing(String), adj. 令人信服的；有说服力的【词频6217】(String), 【convinc+ing形容词后缀，表令...的】(String), convince(String), vinc(String), null, [kən'vɪnsɪŋ](String), unconvincing(String), adj. 不足以令人相信的【词频25204】(String), 【un-否定+convincing】(String), convince(String), vinc(String), null, [ʌnkən'vɪnsɪŋ](String), convincingly(String), adv. 令人信服地；有说服力地【词频14175】(String), 【convincing+ly副词后缀】(String), convince(String), vinc(String), null, [kən'vɪnsɪŋli](String)
2018-12-12 17:08:18,324 DEBUG (BaseJdbcLogger.java:159)- <==    Updates: 3
2018-12-12 17:08:18,328 DEBUG (BaseJdbcLogger.java:159)- ==>  Preparing: INSERT INTO word(word, chinese,note,coreword,root,sentence,phonetic) values ( ?,?,?, ?,?,?, ? ) , ( ?,?,?, ?,?,?, ? ) , ( ?,?,?, ?,?,?, ? ) 
2018-12-12 17:08:18,329 DEBUG (BaseJdbcLogger.java:159)- ==> Parameters: unconvincingly(String), adv. 缺乏说服力地；无法令人信服地【词频40853】(String), 【un-否定+convincingly】(String), convince(String), vinc(String), null, [ʌnkən'vɪnsɪŋli](String), convict(String), n. 囚犯vt. 证明…有罪；宣告…有罪【词频3706，12076】【X7M3】(String), 【con-强调+ -vict-征服-俘虏-囚犯;宣告...有罪】(String), convict(String), vict(String), null, [kən'vɪkt](String), ex-convict(String), n. 从前曾被判刑的人；[法] 前科犯【词频31790】(String), 【ex-前任+convict(String), convict(String), vict(String), null, [,eks'kɔnvikt](String)
2018-12-12 17:08:18,332 DEBUG (BaseJdbcLogger.java:159)- <==    Updates: 3
2018-12-12 17:08:18,334 DEBUG (BaseJdbcLogger.java:159)- ==>  Preparing: INSERT INTO word(word, chinese,note,coreword,root,sentence,phonetic) values ( ?,?,?, ?,?,?, ? ) , ( ?,?,?, ?,?,?, ? ) , ( ?,?,?, ?,?,?, ? ) 
2018-12-12 17:08:18,335 DEBUG (BaseJdbcLogger.java:159)- ==> Parameters: post-conviction(String), n. 定罪后【词频47805】(String), 【post-后+conviction】(String), convict(String), vict(String), null, [pəust-kən'vɪkʃ(ə)n](String), evict(String), vt. 驱逐；逐出【词频12684】(String), 【e-向外+-vict-征服-占领-驱逐】(String), evict(String), vict(String), null, [ɪ'vɪkt](String), eviction(String), n. 逐出；赶出；收回【词频16890】(String), 【evict+ion名词后缀】(String), evict(String), vict(String), null, [ɪ'vɪkʃ(ə)n](String)
2018-12-12 17:08:18,350 DEBUG (BaseJdbcLogger.java:159)- <==    Updates: 3
2018-12-12 17:08:18,351 DEBUG (BaseJdbcLogger.java:159)- ==>  Preparing: INSERT INTO word(word, chinese,note,coreword,root,sentence,phonetic) values ( ?,?,?, ?,?,?, ? ) , ( ?,?,?, ?,?,?, ? ) , ( ?,?,?, ?,?,?, ? ) 
2018-12-12 17:08:18,353 DEBUG (BaseJdbcLogger.java:159)- ==> Parameters: evicted(String), adj. 被驱逐的【词频54954】(String), 【evict+ed形容词后缀】(String), evict(String), vict(String), null, [ɪ'vɪktid](String), evince(String), vt. 表明，表示；引起【词频19431】(String), 【e向外+-vinc-胜利--表明，显示+e动词后缀】(String), evince(String), vinc(String), null, [ɪ'vɪns](String), evincible(String), 可表明的(String), 【evince+ible形容词后缀】(String), evince(String), vinc(String), null, null
2018-12-12 17:08:18,355 DEBUG (BaseJdbcLogger.java:159)- <==    Updates: 3
2018-12-12 17:08:18,359 DEBUG (BaseJdbcLogger.java:159)- ==>  Preparing: INSERT INTO word(word, chinese,note,coreword,root,sentence,phonetic) values ( ?,?,?, ?,?,?, ? ) , ( ?,?,?, ?,?,?, ? ) , ( ?,?,?, ?,?,?, ? ) 
2018-12-12 17:08:18,361 DEBUG (BaseJdbcLogger.java:159)- ==> Parameters: evincive(String), adj. 显示的；证明性的；表明的(String), 【evince+ive形容词后缀】(String), evince(String), vinc(String), null, null, vincible(String), adj. 可征服的，易克服的(String), 【vinc征服+-ible=able，形容词后缀，表能...的】(String), vincible(String), vinc(String), null, ['vɪnsɪb(ə)l](String), invincible(String), adj. 无敌的；不能征服的【词频15520】(String), 【in-否定+vincible】(String), vincible(String), vinc(String), null, [ɪn'vɪnsɪb(ə)l](String)
2018-12-12 17:08:18,364 DEBUG (BaseJdbcLogger.java:159)- <==    Updates: 3
2018-12-12 17:08:18,366 DEBUG (BaseJdbcLogger.java:159)- ==>  Preparing: INSERT INTO word(word, chinese,note,coreword,root,sentence,phonetic) values ( ?,?,?, ?,?,?, ? ) 
2018-12-12 17:08:18,367 DEBUG (BaseJdbcLogger.java:159)- ==> Parameters: invincibility(String), n. 无敌；不可战胜【词频28489】(String), 【invincible+i连字符+ty名词后缀，常用复合后缀，-ible+-i-+-ty=l和e交换=ibelity->然后e变i加ty=-ibility==-ability】(String), vincible(String), vinc(String), null, [ɪn,vɪnsə'bɪləti](String)
2018-12-12 17:08:18,386 DEBUG (BaseJdbcLogger.java:159)- <==    Updates: 1
2018-12-12 17:08:20,004 INFO (WordController.java:88)- page method: pn:1,word:
2018-12-12 17:08:20,040 DEBUG (BaseJdbcLogger.java:159)- ==>  Preparing: SELECT count(0) FROM word 
2018-12-12 17:08:20,041 DEBUG (BaseJdbcLogger.java:159)- ==> Parameters: 
2018-12-12 17:08:20,042 DEBUG (BaseJdbcLogger.java:159)- <==      Total: 1
2018-12-12 17:08:20,045 DEBUG (BaseJdbcLogger.java:159)- ==>  Preparing: select id, word, chinese, root, coreword, sentence, note from word LIMIT ? 
2018-12-12 17:08:20,045 DEBUG (BaseJdbcLogger.java:159)- ==> Parameters: 10(Integer)
2018-12-12 17:08:20,047 DEBUG (BaseJdbcLogger.java:159)- <==      Total: 10
