2018-12-14 16:57:14,440 INFO (StartupInfoLogger.java:50)- Starting EnglishApplication on seari-PC with PID 13216 (E:\ideaworkspace\english\target\classes started by seari in E:\ideaworkspace\english)
2018-12-14 16:57:14,631 DEBUG (StartupInfoLogger.java:53)- Running with Spring Boot v2.1.0.RELEASE, Spring v5.1.2.RELEASE
2018-12-14 16:57:14,634 INFO (SpringApplication.java:675)- No active profile set, falling back to default profiles: default
2018-12-14 16:57:22,629 INFO (StartupInfoLogger.java:59)- Started EnglishApplication in 10.428 seconds (JVM running for 14.027)
2018-12-14 17:00:19,246 DEBUG (BaseJdbcLogger.java:159)- ==>  Preparing: select * FROM `word` AS t1 JOIN (SELECT ROUND(RAND() * ((SELECT MAX(id) FROM `word`)-(SELECT MIN(id) FROM `word`))+(SELECT MIN(id) FROM `word`)) AS id) AS t2 WHERE t1.id >= t2.id ORDER BY t1.id LIMIT 1; 
2018-12-14 17:00:19,283 DEBUG (BaseJdbcLogger.java:159)- ==> Parameters: 
2018-12-14 17:00:21,479 DEBUG (BaseJdbcLogger.java:159)- <==      Total: 1
2018-12-14 17:00:21,594 DEBUG (BaseJdbcLogger.java:159)- ==>  Preparing: select id, word, chinese, root, coreword, sentence, note from word WHERE ( word = ? ) 
2018-12-14 17:00:21,596 DEBUG (BaseJdbcLogger.java:159)- ==> Parameters: ergonomic(String)
2018-12-14 17:00:21,699 DEBUG (BaseJdbcLogger.java:159)- <==      Total: 1
2018-12-14 17:00:36,795 DEBUG (BaseJdbcLogger.java:159)- ==>  Preparing: select * FROM `word` AS t1 JOIN (SELECT ROUND(RAND() * ((SELECT MAX(id) FROM `word`)-(SELECT MIN(id) FROM `word`))+(SELECT MIN(id) FROM `word`)) AS id) AS t2 WHERE t1.id >= t2.id ORDER BY t1.id LIMIT 1; 
2018-12-14 17:00:36,796 DEBUG (BaseJdbcLogger.java:159)- ==> Parameters: 
2018-12-14 17:00:36,874 DEBUG (BaseJdbcLogger.java:159)- <==      Total: 1
2018-12-14 17:00:36,876 DEBUG (BaseJdbcLogger.java:159)- ==>  Preparing: select id, word, chinese, root, coreword, sentence, note from word WHERE ( word = ? ) 
2018-12-14 17:00:36,877 DEBUG (BaseJdbcLogger.java:159)- ==> Parameters: intelligent(String)
2018-12-14 17:00:36,884 DEBUG (BaseJdbcLogger.java:159)- <==      Total: 1
2018-12-14 17:00:58,946 DEBUG (BaseJdbcLogger.java:159)- ==>  Preparing: select * FROM `word` AS t1 JOIN (SELECT ROUND(RAND() * ((SELECT MAX(id) FROM `word`)-(SELECT MIN(id) FROM `word`))+(SELECT MIN(id) FROM `word`)) AS id) AS t2 WHERE t1.id >= t2.id ORDER BY t1.id LIMIT 1; 
2018-12-14 17:00:58,947 DEBUG (BaseJdbcLogger.java:159)- ==> Parameters: 
2018-12-14 17:00:58,950 DEBUG (BaseJdbcLogger.java:159)- <==      Total: 1
2018-12-14 17:00:58,953 DEBUG (BaseJdbcLogger.java:159)- ==>  Preparing: select id, word, chinese, root, coreword, sentence, note from word WHERE ( word = ? ) 
2018-12-14 17:00:58,954 DEBUG (BaseJdbcLogger.java:159)- ==> Parameters: music(String)
2018-12-14 17:00:58,966 DEBUG (BaseJdbcLogger.java:159)- <==      Total: 1
2018-12-14 17:01:01,717 DEBUG (BaseJdbcLogger.java:159)- ==>  Preparing: select * FROM `word` AS t1 JOIN (SELECT ROUND(RAND() * ((SELECT MAX(id) FROM `word`)-(SELECT MIN(id) FROM `word`))+(SELECT MIN(id) FROM `word`)) AS id) AS t2 WHERE t1.id >= t2.id ORDER BY t1.id LIMIT 1; 
2018-12-14 17:01:01,718 DEBUG (BaseJdbcLogger.java:159)- ==> Parameters: 
2018-12-14 17:01:01,721 DEBUG (BaseJdbcLogger.java:159)- <==      Total: 1
2018-12-14 17:01:02,932 DEBUG (BaseJdbcLogger.java:159)- ==>  Preparing: select * FROM `word` AS t1 JOIN (SELECT ROUND(RAND() * ((SELECT MAX(id) FROM `word`)-(SELECT MIN(id) FROM `word`))+(SELECT MIN(id) FROM `word`)) AS id) AS t2 WHERE t1.id >= t2.id ORDER BY t1.id LIMIT 1; 
2018-12-14 17:01:02,933 DEBUG (BaseJdbcLogger.java:159)- ==> Parameters: 
2018-12-14 17:01:02,938 DEBUG (BaseJdbcLogger.java:159)- <==      Total: 1
2018-12-14 17:01:02,941 DEBUG (BaseJdbcLogger.java:159)- ==>  Preparing: select id, word, chinese, root, coreword, sentence, note from word WHERE ( word = ? ) 
2018-12-14 17:01:02,943 DEBUG (BaseJdbcLogger.java:159)- ==> Parameters: system(String)
2018-12-14 17:01:02,961 DEBUG (BaseJdbcLogger.java:159)- <==      Total: 1
2018-12-14 17:01:06,246 DEBUG (BaseJdbcLogger.java:159)- ==>  Preparing: select * FROM `word` AS t1 JOIN (SELECT ROUND(RAND() * ((SELECT MAX(id) FROM `word`)-(SELECT MIN(id) FROM `word`))+(SELECT MIN(id) FROM `word`)) AS id) AS t2 WHERE t1.id >= t2.id ORDER BY t1.id LIMIT 1; 
2018-12-14 17:01:06,249 DEBUG (BaseJdbcLogger.java:159)- ==> Parameters: 
2018-12-14 17:01:06,254 DEBUG (BaseJdbcLogger.java:159)- <==      Total: 1
2018-12-14 17:03:15,052 DEBUG (BaseJdbcLogger.java:159)- ==>  Preparing: select * FROM `word` AS t1 JOIN (SELECT ROUND(RAND() * ((SELECT MAX(id) FROM `word`)-(SELECT MIN(id) FROM `word`))+(SELECT MIN(id) FROM `word`)) AS id) AS t2 WHERE t1.id >= t2.id ORDER BY t1.id LIMIT 1; 
2018-12-14 17:03:15,054 DEBUG (BaseJdbcLogger.java:159)- ==> Parameters: 
2018-12-14 17:03:15,056 DEBUG (BaseJdbcLogger.java:159)- <==      Total: 1
2018-12-14 17:03:15,058 DEBUG (BaseJdbcLogger.java:159)- ==>  Preparing: select id, word, chinese, root, coreword, sentence, note from word WHERE ( word = ? ) 
2018-12-14 17:03:15,058 DEBUG (BaseJdbcLogger.java:159)- ==> Parameters: formula(String)
2018-12-14 17:03:15,066 DEBUG (BaseJdbcLogger.java:159)- <==      Total: 1
2018-12-14 17:03:19,906 DEBUG (BaseJdbcLogger.java:159)- ==>  Preparing: select * FROM `word` AS t1 JOIN (SELECT ROUND(RAND() * ((SELECT MAX(id) FROM `word`)-(SELECT MIN(id) FROM `word`))+(SELECT MIN(id) FROM `word`)) AS id) AS t2 WHERE t1.id >= t2.id ORDER BY t1.id LIMIT 1; 
2018-12-14 17:03:19,907 DEBUG (BaseJdbcLogger.java:159)- ==> Parameters: 
2018-12-14 17:03:19,914 DEBUG (BaseJdbcLogger.java:159)- <==      Total: 1
2018-12-14 17:03:19,919 DEBUG (BaseJdbcLogger.java:159)- ==>  Preparing: select id, word, chinese, root, coreword, sentence, note from word WHERE ( word = ? ) 
2018-12-14 17:03:19,919 DEBUG (BaseJdbcLogger.java:159)- ==> Parameters: establish(String)
2018-12-14 17:03:19,931 DEBUG (BaseJdbcLogger.java:159)- <==      Total: 1
2018-12-14 17:03:30,320 DEBUG (BaseJdbcLogger.java:159)- ==>  Preparing: select * FROM `word` AS t1 JOIN (SELECT ROUND(RAND() * ((SELECT MAX(id) FROM `word`)-(SELECT MIN(id) FROM `word`))+(SELECT MIN(id) FROM `word`)) AS id) AS t2 WHERE t1.id >= t2.id ORDER BY t1.id LIMIT 1; 
2018-12-14 17:03:30,322 DEBUG (BaseJdbcLogger.java:159)- ==> Parameters: 
2018-12-14 17:03:30,326 DEBUG (BaseJdbcLogger.java:159)- <==      Total: 1
2018-12-14 17:03:30,329 DEBUG (BaseJdbcLogger.java:159)- ==>  Preparing: select id, word, chinese, root, coreword, sentence, note from word WHERE ( word = ? ) 
2018-12-14 17:03:30,331 DEBUG (BaseJdbcLogger.java:159)- ==> Parameters: flux(String)
2018-12-14 17:03:30,349 DEBUG (BaseJdbcLogger.java:159)- <==      Total: 1
2018-12-14 17:05:33,764 DEBUG (BaseJdbcLogger.java:159)- ==>  Preparing: select * FROM `word` AS t1 JOIN (SELECT ROUND(RAND() * ((SELECT MAX(id) FROM `word`)-(SELECT MIN(id) FROM `word`))+(SELECT MIN(id) FROM `word`)) AS id) AS t2 WHERE t1.id >= t2.id ORDER BY t1.id LIMIT 1; 
2018-12-14 17:05:33,767 DEBUG (BaseJdbcLogger.java:159)- ==> Parameters: 
2018-12-14 17:05:33,843 DEBUG (BaseJdbcLogger.java:159)- <==      Total: 1
2018-12-14 17:05:33,847 DEBUG (BaseJdbcLogger.java:159)- ==>  Preparing: select id, word, chinese, root, coreword, sentence, note from word WHERE ( word = ? ) 
2018-12-14 17:05:33,850 DEBUG (BaseJdbcLogger.java:159)- ==> Parameters: victim(String)
2018-12-14 17:05:33,869 DEBUG (BaseJdbcLogger.java:159)- <==      Total: 1
2018-12-14 17:08:00,988 DEBUG (BaseJdbcLogger.java:159)- ==>  Preparing: select * FROM `word` AS t1 JOIN (SELECT ROUND(RAND() * ((SELECT MAX(id) FROM `word`)-(SELECT MIN(id) FROM `word`))+(SELECT MIN(id) FROM `word`)) AS id) AS t2 WHERE t1.id >= t2.id ORDER BY t1.id LIMIT 1; 
2018-12-14 17:08:00,991 DEBUG (BaseJdbcLogger.java:159)- ==> Parameters: 
2018-12-14 17:08:00,995 DEBUG (BaseJdbcLogger.java:159)- <==      Total: 1
2018-12-14 17:14:21,619 INFO (StartupInfoLogger.java:50)- Starting EnglishApplication on seari-PC with PID 13528 (started by seari in E:\work\english\词汇\english)
2018-12-14 17:14:21,623 DEBUG (StartupInfoLogger.java:53)- Running with Spring Boot v2.1.0.RELEASE, Spring v5.1.2.RELEASE
2018-12-14 17:14:21,626 INFO (SpringApplication.java:675)- No active profile set, falling back to default profiles: default
2018-12-14 17:14:26,404 INFO (StartupInfoLogger.java:59)- Started EnglishApplication in 5.886 seconds (JVM running for 8.494)
2018-12-14 17:14:40,503 DEBUG (BaseJdbcLogger.java:159)- ==>  Preparing: select * FROM `word` AS t1 JOIN (SELECT ROUND(RAND() * ((SELECT MAX(id) FROM `word`)-(SELECT MIN(id) FROM `word`))+(SELECT MIN(id) FROM `word`)) AS id) AS t2 WHERE t1.id >= t2.id ORDER BY t1.id LIMIT 1; 
2018-12-14 17:14:40,527 DEBUG (BaseJdbcLogger.java:159)- ==> Parameters: 
2018-12-14 17:14:40,583 DEBUG (BaseJdbcLogger.java:159)- <==      Total: 1
2018-12-14 17:14:40,632 DEBUG (BaseJdbcLogger.java:159)- ==>  Preparing: select id, word, chinese, root, coreword, sentence, note from word WHERE ( word = ? ) 
2018-12-14 17:14:40,634 DEBUG (BaseJdbcLogger.java:159)- ==> Parameters: energy(String)
2018-12-14 17:14:40,642 DEBUG (BaseJdbcLogger.java:159)- <==      Total: 1
2018-12-14 17:14:47,304 DEBUG (BaseJdbcLogger.java:159)- ==>  Preparing: select * FROM `word` AS t1 JOIN (SELECT ROUND(RAND() * ((SELECT MAX(id) FROM `word`)-(SELECT MIN(id) FROM `word`))+(SELECT MIN(id) FROM `word`)) AS id) AS t2 WHERE t1.id >= t2.id ORDER BY t1.id LIMIT 1; 
2018-12-14 17:14:47,306 DEBUG (BaseJdbcLogger.java:159)- ==> Parameters: 
2018-12-14 17:14:47,311 DEBUG (BaseJdbcLogger.java:159)- <==      Total: 1
2018-12-14 17:14:47,314 DEBUG (BaseJdbcLogger.java:159)- ==>  Preparing: select id, word, chinese, root, coreword, sentence, note from word WHERE ( word = ? ) 
2018-12-14 17:14:47,315 DEBUG (BaseJdbcLogger.java:159)- ==> Parameters: music(String)
2018-12-14 17:14:47,332 DEBUG (BaseJdbcLogger.java:159)- <==      Total: 1
2018-12-14 17:14:49,288 DEBUG (BaseJdbcLogger.java:159)- ==>  Preparing: select * FROM `word` AS t1 JOIN (SELECT ROUND(RAND() * ((SELECT MAX(id) FROM `word`)-(SELECT MIN(id) FROM `word`))+(SELECT MIN(id) FROM `word`)) AS id) AS t2 WHERE t1.id >= t2.id ORDER BY t1.id LIMIT 1; 
2018-12-14 17:14:49,289 DEBUG (BaseJdbcLogger.java:159)- ==> Parameters: 
2018-12-14 17:14:49,291 DEBUG (BaseJdbcLogger.java:159)- <==      Total: 1
2018-12-14 17:14:49,293 DEBUG (BaseJdbcLogger.java:159)- ==>  Preparing: select id, word, chinese, root, coreword, sentence, note from word WHERE ( word = ? ) 
2018-12-14 17:14:49,294 DEBUG (BaseJdbcLogger.java:159)- ==> Parameters: statute(String)
2018-12-14 17:14:49,303 DEBUG (BaseJdbcLogger.java:159)- <==      Total: 1
