2018-11-27 15:20:51,886 INFO (StartupInfoLogger.java:50)- Starting EnglishApplication on seari-PC with PID 10704 (E:\ideaworkspace\english\target\classes started by seari in E:\ideaworkspace\english)
2018-11-27 15:20:51,890 DEBUG (StartupInfoLogger.java:53)- Running with Spring Boot v2.1.0.RELEASE, Spring v5.1.2.RELEASE
2018-11-27 15:20:51,892 INFO (SpringApplication.java:675)- No active profile set, falling back to default profiles: default
2018-11-27 15:20:54,602 INFO (StartupInfoLogger.java:59)- Started EnglishApplication in 3.887 seconds (JVM running for 5.448)
2018-11-27 15:20:57,739 INFO (WordController.java:86)- page method: pn:1,word:b
2018-11-27 15:20:58,284 DEBUG (BaseJdbcLogger.java:159)- ==>  Preparing: SELECT count(0) FROM word WHERE (word LIKE ?) 
2018-11-27 15:20:58,328 DEBUG (BaseJdbcLogger.java:159)- ==> Parameters: b(String)
2018-11-27 15:20:58,378 DEBUG (BaseJdbcLogger.java:159)- <==      Total: 1
2018-11-27 15:21:03,462 INFO (WordController.java:86)- page method: pn:1,word:b
2018-11-27 15:21:03,468 DEBUG (BaseJdbcLogger.java:159)- ==>  Preparing: SELECT count(0) FROM word WHERE (word LIKE ?) 
2018-11-27 15:21:03,469 DEBUG (BaseJdbcLogger.java:159)- ==> Parameters: b(String)
2018-11-27 15:21:03,471 DEBUG (BaseJdbcLogger.java:159)- <==      Total: 1
2018-11-27 15:21:31,349 INFO (WordController.java:86)- page method: pn:1,word:b
2018-11-27 15:21:31,353 DEBUG (BaseJdbcLogger.java:159)- ==>  Preparing: SELECT count(0) FROM word WHERE (word LIKE ?) 
2018-11-27 15:21:31,354 DEBUG (BaseJdbcLogger.java:159)- ==> Parameters: b(String)
2018-11-27 15:21:31,356 DEBUG (BaseJdbcLogger.java:159)- <==      Total: 1
2018-11-27 15:21:37,426 INFO (WordController.java:86)- page method: pn:1,word:b
2018-11-27 15:21:37,432 DEBUG (BaseJdbcLogger.java:159)- ==>  Preparing: SELECT count(0) FROM word WHERE (word LIKE ?) 
2018-11-27 15:21:37,433 DEBUG (BaseJdbcLogger.java:159)- ==> Parameters: %b%(String)
2018-11-27 15:21:37,435 DEBUG (BaseJdbcLogger.java:159)- <==      Total: 1
2018-11-27 15:21:37,440 DEBUG (BaseJdbcLogger.java:159)- ==>  Preparing: select word, chinese, iskeyword, sentence from word WHERE ( word like ? ) LIMIT ? 
2018-11-27 15:21:37,441 DEBUG (BaseJdbcLogger.java:159)- ==> Parameters: %b%(String), 3(Integer)
2018-11-27 15:21:37,444 DEBUG (BaseJdbcLogger.java:159)- <==      Total: 2
2018-11-27 15:22:58,259 INFO (WordController.java:86)- page method: pn:1,word:e
2018-11-27 15:22:58,263 DEBUG (BaseJdbcLogger.java:159)- ==>  Preparing: SELECT count(0) FROM word WHERE (word LIKE ?) 
2018-11-27 15:22:58,264 DEBUG (BaseJdbcLogger.java:159)- ==> Parameters: %e%(String)
2018-11-27 15:22:58,266 DEBUG (BaseJdbcLogger.java:159)- <==      Total: 1
2018-11-27 15:22:58,269 DEBUG (BaseJdbcLogger.java:159)- ==>  Preparing: select word, chinese, iskeyword, sentence from word WHERE ( word like ? ) LIMIT ? 
2018-11-27 15:22:58,270 DEBUG (BaseJdbcLogger.java:159)- ==> Parameters: %e%(String), 3(Integer)
2018-11-27 15:22:58,272 DEBUG (BaseJdbcLogger.java:159)- <==      Total: 2
2018-11-27 15:36:17,867 INFO (StartupInfoLogger.java:50)- Starting EnglishApplication on seari-PC with PID 6256 (E:\ideaworkspace\english\target\classes started by seari in E:\ideaworkspace\english)
2018-11-27 15:36:17,877 DEBUG (StartupInfoLogger.java:53)- Running with Spring Boot v2.1.0.RELEASE, Spring v5.1.2.RELEASE
2018-11-27 15:36:17,879 INFO (SpringApplication.java:675)- No active profile set, falling back to default profiles: default
2018-11-27 15:36:20,822 INFO (StartupInfoLogger.java:59)- Started EnglishApplication in 4.225 seconds (JVM running for 6.005)
2018-11-27 15:36:24,278 INFO (WordController.java:88)- page method: pn:1,word:
2018-11-27 15:36:24,724 DEBUG (BaseJdbcLogger.java:159)- ==>  Preparing: SELECT count(0) FROM word 
2018-11-27 15:36:24,771 DEBUG (BaseJdbcLogger.java:159)- ==> Parameters: 
2018-11-27 15:36:24,869 DEBUG (BaseJdbcLogger.java:159)- <==      Total: 1
2018-11-27 15:36:24,874 DEBUG (BaseJdbcLogger.java:159)- ==>  Preparing: select word, chinese, iskeyword, sentence from word LIMIT ? 
2018-11-27 15:36:24,876 DEBUG (BaseJdbcLogger.java:159)- ==> Parameters: 3(Integer)
2018-11-27 15:36:24,895 DEBUG (BaseJdbcLogger.java:159)- <==      Total: 3
2018-11-27 15:37:04,977 ERROR (WordController.java:114)- java.lang.IllegalStateException: Cannot get a text value from a numeric cell
2018-11-27 15:37:11,997 INFO (WordController.java:88)- page method: pn:1,word:
2018-11-27 15:37:11,999 DEBUG (BaseJdbcLogger.java:159)- ==>  Preparing: SELECT count(0) FROM word 
2018-11-27 15:37:11,999 DEBUG (BaseJdbcLogger.java:159)- ==> Parameters: 
2018-11-27 15:37:12,000 DEBUG (BaseJdbcLogger.java:159)- <==      Total: 1
2018-11-27 15:37:12,001 DEBUG (BaseJdbcLogger.java:159)- ==>  Preparing: select word, chinese, iskeyword, sentence from word LIMIT ? 
2018-11-27 15:37:12,003 DEBUG (BaseJdbcLogger.java:159)- ==> Parameters: 3(Integer)
2018-11-27 15:37:12,006 DEBUG (BaseJdbcLogger.java:159)- <==      Total: 3
2018-11-27 15:38:52,759 ERROR (WordController.java:114)- java.lang.IllegalStateException: Cannot get a text value from a numeric cell
2018-11-27 15:38:54,762 INFO (WordController.java:88)- page method: pn:1,word:
2018-11-27 15:38:54,765 DEBUG (BaseJdbcLogger.java:159)- ==>  Preparing: SELECT count(0) FROM word 
2018-11-27 15:38:54,766 DEBUG (BaseJdbcLogger.java:159)- ==> Parameters: 
2018-11-27 15:38:54,769 DEBUG (BaseJdbcLogger.java:159)- <==      Total: 1
2018-11-27 15:38:54,770 DEBUG (BaseJdbcLogger.java:159)- ==>  Preparing: select word, chinese, iskeyword, sentence from word LIMIT ? 
2018-11-27 15:38:54,772 DEBUG (BaseJdbcLogger.java:159)- ==> Parameters: 3(Integer)
2018-11-27 15:38:54,775 DEBUG (BaseJdbcLogger.java:159)- <==      Total: 3
2018-11-27 15:38:56,736 INFO (WordController.java:88)- page method: pn:1,word:
2018-11-27 15:38:56,738 DEBUG (BaseJdbcLogger.java:159)- ==>  Preparing: SELECT count(0) FROM word 
2018-11-27 15:38:56,739 DEBUG (BaseJdbcLogger.java:159)- ==> Parameters: 
2018-11-27 15:38:56,742 DEBUG (BaseJdbcLogger.java:159)- <==      Total: 1
2018-11-27 15:38:56,744 DEBUG (BaseJdbcLogger.java:159)- ==>  Preparing: select word, chinese, iskeyword, sentence from word LIMIT ? 
2018-11-27 15:38:56,745 DEBUG (BaseJdbcLogger.java:159)- ==> Parameters: 3(Integer)
2018-11-27 15:38:56,748 DEBUG (BaseJdbcLogger.java:159)- <==      Total: 3
2018-11-27 15:38:56,976 INFO (WordController.java:88)- page method: pn:1,word:
2018-11-27 15:38:56,977 DEBUG (BaseJdbcLogger.java:159)- ==>  Preparing: SELECT count(0) FROM word 
2018-11-27 15:38:56,978 DEBUG (BaseJdbcLogger.java:159)- ==> Parameters: 
2018-11-27 15:38:56,981 DEBUG (BaseJdbcLogger.java:159)- <==      Total: 1
2018-11-27 15:38:56,982 DEBUG (BaseJdbcLogger.java:159)- ==>  Preparing: select word, chinese, iskeyword, sentence from word LIMIT ? 
2018-11-27 15:38:56,983 DEBUG (BaseJdbcLogger.java:159)- ==> Parameters: 3(Integer)
2018-11-27 15:38:56,986 DEBUG (BaseJdbcLogger.java:159)- <==      Total: 3
2018-11-27 15:38:57,141 INFO (WordController.java:88)- page method: pn:1,word:
2018-11-27 15:38:57,144 DEBUG (BaseJdbcLogger.java:159)- ==>  Preparing: SELECT count(0) FROM word 
2018-11-27 15:38:57,145 DEBUG (BaseJdbcLogger.java:159)- ==> Parameters: 
2018-11-27 15:38:57,146 DEBUG (BaseJdbcLogger.java:159)- <==      Total: 1
2018-11-27 15:38:57,146 DEBUG (BaseJdbcLogger.java:159)- ==>  Preparing: select word, chinese, iskeyword, sentence from word LIMIT ? 
2018-11-27 15:38:57,147 DEBUG (BaseJdbcLogger.java:159)- ==> Parameters: 3(Integer)
2018-11-27 15:38:57,149 DEBUG (BaseJdbcLogger.java:159)- <==      Total: 3
2018-11-27 15:40:54,868 ERROR (WordController.java:114)- java.lang.IllegalStateException: Cannot get a text value from a numeric cell
2018-11-27 15:42:11,534 INFO (WordController.java:88)- page method: pn:1,word:
2018-11-27 15:42:11,537 DEBUG (BaseJdbcLogger.java:159)- ==>  Preparing: SELECT count(0) FROM word 
2018-11-27 15:42:11,539 DEBUG (BaseJdbcLogger.java:159)- ==> Parameters: 
2018-11-27 15:42:11,542 DEBUG (BaseJdbcLogger.java:159)- <==      Total: 1
2018-11-27 15:42:11,543 DEBUG (BaseJdbcLogger.java:159)- ==>  Preparing: select word, chinese, iskeyword, sentence from word LIMIT ? 
2018-11-27 15:42:11,544 DEBUG (BaseJdbcLogger.java:159)- ==> Parameters: 3(Integer)
2018-11-27 15:42:11,547 DEBUG (BaseJdbcLogger.java:159)- <==      Total: 3
2018-11-27 15:43:10,799 DEBUG (BaseJdbcLogger.java:159)- ==>  Preparing: update word set chinese = ?, iskeyword = ?, sentence = ? where word = ? 
2018-11-27 15:43:10,802 DEBUG (BaseJdbcLogger.java:159)- ==> Parameters: 11(String), 1(Integer), afefe(String), are(String)
2018-11-27 15:43:10,804 DEBUG (BaseJdbcLogger.java:159)- <==    Updates: 0
2018-11-27 15:43:10,805 DEBUG (BaseJdbcLogger.java:159)- ==>  Preparing: update word set chinese = ?, iskeyword = ?, sentence = ? where word = ? 
2018-11-27 15:43:10,807 DEBUG (BaseJdbcLogger.java:159)- ==> Parameters: 233(String), 0(Integer), thgtrgr(String), is(String)
2018-11-27 15:43:10,863 DEBUG (BaseJdbcLogger.java:159)- <==    Updates: 0
2018-11-27 15:43:10,868 DEBUG (BaseJdbcLogger.java:159)- ==>  Preparing: update word set chinese = ?, iskeyword = ?, sentence = ? where word = ? 
2018-11-27 15:43:10,870 DEBUG (BaseJdbcLogger.java:159)- ==> Parameters: 443(String), 1(Integer), feafe(String), am(String)
2018-11-27 15:43:10,873 DEBUG (BaseJdbcLogger.java:159)- <==    Updates: 0
2018-11-27 15:43:10,875 DEBUG (BaseJdbcLogger.java:159)- ==>  Preparing: update word set chinese = ?, iskeyword = ?, sentence = ? where word = ? 
2018-11-27 15:43:10,876 DEBUG (BaseJdbcLogger.java:159)- ==> Parameters: 4(String), 0(Integer), fe3(String), ok(String)
2018-11-27 15:43:10,880 DEBUG (BaseJdbcLogger.java:159)- <==    Updates: 0
2018-11-27 15:43:12,188 INFO (WordController.java:88)- page method: pn:1,word:
2018-11-27 15:43:12,190 DEBUG (BaseJdbcLogger.java:159)- ==>  Preparing: SELECT count(0) FROM word 
2018-11-27 15:43:12,191 DEBUG (BaseJdbcLogger.java:159)- ==> Parameters: 
2018-11-27 15:43:12,192 DEBUG (BaseJdbcLogger.java:159)- <==      Total: 1
2018-11-27 15:43:12,194 DEBUG (BaseJdbcLogger.java:159)- ==>  Preparing: select word, chinese, iskeyword, sentence from word LIMIT ? 
2018-11-27 15:43:12,195 DEBUG (BaseJdbcLogger.java:159)- ==> Parameters: 3(Integer)
2018-11-27 15:43:12,199 DEBUG (BaseJdbcLogger.java:159)- <==      Total: 3
2018-11-27 15:43:15,971 INFO (WordController.java:88)- page method: pn:1,word:
2018-11-27 15:43:15,975 DEBUG (BaseJdbcLogger.java:159)- ==>  Preparing: SELECT count(0) FROM word 
2018-11-27 15:43:15,976 DEBUG (BaseJdbcLogger.java:159)- ==> Parameters: 
2018-11-27 15:43:15,977 DEBUG (BaseJdbcLogger.java:159)- <==      Total: 1
2018-11-27 15:43:15,978 DEBUG (BaseJdbcLogger.java:159)- ==>  Preparing: select word, chinese, iskeyword, sentence from word LIMIT ? 
2018-11-27 15:43:15,979 DEBUG (BaseJdbcLogger.java:159)- ==> Parameters: 3(Integer)
2018-11-27 15:43:15,980 DEBUG (BaseJdbcLogger.java:159)- <==      Total: 3
2018-11-27 15:56:09,035 INFO (StartupInfoLogger.java:50)- Starting EnglishApplication on seari-PC with PID 8256 (E:\ideaworkspace\english\target\classes started by seari in E:\ideaworkspace\english)
2018-11-27 15:56:09,040 DEBUG (StartupInfoLogger.java:53)- Running with Spring Boot v2.1.0.RELEASE, Spring v5.1.2.RELEASE
2018-11-27 15:56:09,043 INFO (SpringApplication.java:675)- No active profile set, falling back to default profiles: default
2018-11-27 15:56:11,796 INFO (StartupInfoLogger.java:59)- Started EnglishApplication in 4.096 seconds (JVM running for 5.759)
2018-11-27 15:56:16,525 INFO (WordController.java:88)- page method: pn:1,word:
2018-11-27 15:56:16,809 DEBUG (BaseJdbcLogger.java:159)- ==>  Preparing: SELECT count(0) FROM word 
2018-11-27 15:56:16,840 DEBUG (BaseJdbcLogger.java:159)- ==> Parameters: 
2018-11-27 15:56:16,896 DEBUG (BaseJdbcLogger.java:159)- <==      Total: 1
2018-11-27 15:56:24,930 DEBUG (BaseJdbcLogger.java:159)- ==>  Preparing: INSERT INTO word(word, chinese,iskeyword,sentence) ( select ?,?, ?,? from dual union all select ?,?, ?,? from dual union all select ?,?, ?,? from dual union all select ?,?, ?,? from dual ) 
2018-11-27 15:56:24,932 DEBUG (BaseJdbcLogger.java:159)- ==> Parameters: are(String), 11(String), 1(Integer), afefe(String), is(String), 233(String), 0(Integer), thgtrgr(String), am(String), 443(String), 1(Integer), feafe(String), ok(String), 4(String), 0(Integer), fe3(String)
2018-11-27 15:56:25,283 ERROR (WordController.java:114)- org.springframework.jdbc.BadSqlGrammarException: 
### Error updating database.  Cause: java.sql.SQLSyntaxErrorException: You have an error in your SQL syntax; check the manual that corresponds to your MySQL server version for the right syntax to use near 'union all 
            select
            'is','233',
            0,'thgtrgr'
  ' at line 8
### The error may involve com.kjw.dao.WordMapper.batchInsert-Inline
### The error occurred while setting parameters
### SQL: INSERT INTO word(word, chinese,iskeyword,sentence)         (                        select             ?,?,             ?,?             from dual          union all              select             ?,?,             ?,?             from dual          union all              select             ?,?,             ?,?             from dual          union all              select             ?,?,             ?,?             from dual                   )
### Cause: java.sql.SQLSyntaxErrorException: You have an error in your SQL syntax; check the manual that corresponds to your MySQL server version for the right syntax to use near 'union all 
            select
            'is','233',
            0,'thgtrgr'
  ' at line 8
; bad SQL grammar []; nested exception is java.sql.SQLSyntaxErrorException: You have an error in your SQL syntax; check the manual that corresponds to your MySQL server version for the right syntax to use near 'union all 
            select
            'is','233',
            0,'thgtrgr'
  ' at line 8
2018-11-27 16:01:25,421 DEBUG (BaseJdbcLogger.java:159)- ==>  Preparing: INSERT INTO word(word, chinese,iskeyword,sentence) ( select ?,?, ?,? from dual union all select ?,?, ?,? from dual union all select ?,?, ?,? from dual union all select ?,?, ?,? from dual ) 
2018-11-27 16:01:25,427 DEBUG (BaseJdbcLogger.java:159)- ==> Parameters: are(String), 11(String), 1(Integer), afefe(String), is(String), 233(String), 0(Integer), thgtrgr(String), am(String), 443(String), 1(Integer), feafe(String), ok(String), 4(String), 0(Integer), fe3(String)
2018-11-27 16:01:25,429 ERROR (WordController.java:114)- org.springframework.jdbc.BadSqlGrammarException: 
### Error updating database.  Cause: java.sql.SQLSyntaxErrorException: You have an error in your SQL syntax; check the manual that corresponds to your MySQL server version for the right syntax to use near 'union all 
            select
            'is','233',
            0,'thgtrgr'
  ' at line 8
### The error may involve com.kjw.dao.WordMapper.batchInsert-Inline
### The error occurred while setting parameters
### SQL: INSERT INTO word(word, chinese,iskeyword,sentence)         (                        select             ?,?,             ?,?             from dual          union all              select             ?,?,             ?,?             from dual          union all              select             ?,?,             ?,?             from dual          union all              select             ?,?,             ?,?             from dual                   )
### Cause: java.sql.SQLSyntaxErrorException: You have an error in your SQL syntax; check the manual that corresponds to your MySQL server version for the right syntax to use near 'union all 
            select
            'is','233',
            0,'thgtrgr'
  ' at line 8
; bad SQL grammar []; nested exception is java.sql.SQLSyntaxErrorException: You have an error in your SQL syntax; check the manual that corresponds to your MySQL server version for the right syntax to use near 'union all 
            select
            'is','233',
            0,'thgtrgr'
  ' at line 8
2018-11-27 16:01:34,284 INFO (StartupInfoLogger.java:50)- Starting EnglishApplication on seari-PC with PID 2860 (E:\ideaworkspace\english\target\classes started by seari in E:\ideaworkspace\english)
2018-11-27 16:01:34,289 DEBUG (StartupInfoLogger.java:53)- Running with Spring Boot v2.1.0.RELEASE, Spring v5.1.2.RELEASE
2018-11-27 16:01:34,292 INFO (SpringApplication.java:675)- No active profile set, falling back to default profiles: default
2018-11-27 16:01:37,810 INFO (StartupInfoLogger.java:59)- Started EnglishApplication in 4.867 seconds (JVM running for 6.563)
2018-11-27 16:01:42,846 DEBUG (BaseJdbcLogger.java:159)- ==>  Preparing: INSERT INTO word(word, chinese,iskeyword,sentence) values ( ?,?, ?,?) union all ( ?,?, ?,?) union all ( ?,?, ?,?) union all ( ?,?, ?,?) 
2018-11-27 16:01:42,891 DEBUG (BaseJdbcLogger.java:159)- ==> Parameters: are(String), 11(String), 1(Integer), afefe(String), is(String), 233(String), 0(Integer), thgtrgr(String), am(String), 443(String), 1(Integer), feafe(String), ok(String), 4(String), 0(Integer), fe3(String)
2018-11-27 16:01:43,051 ERROR (WordController.java:114)- org.springframework.jdbc.BadSqlGrammarException: 
### Error updating database.  Cause: java.sql.SQLSyntaxErrorException: You have an error in your SQL syntax; check the manual that corresponds to your MySQL server version for the right syntax to use near 'union all 
            (
            'is','233',
            0,'thgtrgr')
      ' at line 7
### The error may involve com.kjw.dao.WordMapper.batchInsert-Inline
### The error occurred while setting parameters
### SQL: INSERT INTO word(word, chinese,iskeyword,sentence)         values                        (             ?,?,             ?,?)          union all              (             ?,?,             ?,?)          union all              (             ?,?,             ?,?)          union all              (             ?,?,             ?,?)
### Cause: java.sql.SQLSyntaxErrorException: You have an error in your SQL syntax; check the manual that corresponds to your MySQL server version for the right syntax to use near 'union all 
            (
            'is','233',
            0,'thgtrgr')
      ' at line 7
; bad SQL grammar []; nested exception is java.sql.SQLSyntaxErrorException: You have an error in your SQL syntax; check the manual that corresponds to your MySQL server version for the right syntax to use near 'union all 
            (
            'is','233',
            0,'thgtrgr')
      ' at line 7
2018-11-27 16:02:19,379 DEBUG (BaseJdbcLogger.java:159)- ==>  Preparing: INSERT INTO word(word, chinese,iskeyword,sentence) values ( ?,?, ?,?) union all ( ?,?, ?,?) union all ( ?,?, ?,?) union all ( ?,?, ?,?) 
2018-11-27 16:02:19,382 DEBUG (BaseJdbcLogger.java:159)- ==> Parameters: are(String), 11(String), 1(Integer), afefe(String), is(String), 233(String), 0(Integer), thgtrgr(String), am(String), 443(String), 1(Integer), feafe(String), ok(String), 4(String), 0(Integer), fe3(String)
2018-11-27 16:02:19,384 ERROR (WordController.java:114)- org.springframework.jdbc.BadSqlGrammarException: 
### Error updating database.  Cause: java.sql.SQLSyntaxErrorException: You have an error in your SQL syntax; check the manual that corresponds to your MySQL server version for the right syntax to use near 'union all 
            (
            'is','233',
            0,'thgtrgr')
      ' at line 7
### The error may involve com.kjw.dao.WordMapper.batchInsert-Inline
### The error occurred while setting parameters
### SQL: INSERT INTO word(word, chinese,iskeyword,sentence)         values                        (             ?,?,             ?,?)          union all              (             ?,?,             ?,?)          union all              (             ?,?,             ?,?)          union all              (             ?,?,             ?,?)
### Cause: java.sql.SQLSyntaxErrorException: You have an error in your SQL syntax; check the manual that corresponds to your MySQL server version for the right syntax to use near 'union all 
            (
            'is','233',
            0,'thgtrgr')
      ' at line 7
; bad SQL grammar []; nested exception is java.sql.SQLSyntaxErrorException: You have an error in your SQL syntax; check the manual that corresponds to your MySQL server version for the right syntax to use near 'union all 
            (
            'is','233',
            0,'thgtrgr')
      ' at line 7
2018-11-27 16:02:26,562 INFO (StartupInfoLogger.java:50)- Starting EnglishApplication on seari-PC with PID 10920 (E:\ideaworkspace\english\target\classes started by seari in E:\ideaworkspace\english)
2018-11-27 16:02:26,567 DEBUG (StartupInfoLogger.java:53)- Running with Spring Boot v2.1.0.RELEASE, Spring v5.1.2.RELEASE
2018-11-27 16:02:26,569 INFO (SpringApplication.java:675)- No active profile set, falling back to default profiles: default
2018-11-27 16:02:30,535 INFO (StartupInfoLogger.java:59)- Started EnglishApplication in 5.208 seconds (JVM running for 6.645)
2018-11-27 16:02:54,264 DEBUG (BaseJdbcLogger.java:159)- ==>  Preparing: INSERT INTO word(word, chinese,iskeyword,sentence) values (?,?, ?,?) , (?,?, ?,?) , (?,?, ?,?) , (?,?, ?,?) 
2018-11-27 16:02:54,307 DEBUG (BaseJdbcLogger.java:159)- ==> Parameters: are(String), 11(String), 1(Integer), afefe(String), is(String), 233(String), 0(Integer), thgtrgr(String), am(String), 443(String), 1(Integer), feafe(String), ok(String), 4(String), 0(Integer), fe3(String)
2018-11-27 16:02:54,375 DEBUG (BaseJdbcLogger.java:159)- <==    Updates: 4
2018-11-27 16:02:57,321 INFO (WordController.java:88)- page method: pn:1,word:
2018-11-27 16:02:57,374 DEBUG (BaseJdbcLogger.java:159)- ==>  Preparing: SELECT count(0) FROM word 
2018-11-27 16:02:57,375 DEBUG (BaseJdbcLogger.java:159)- ==> Parameters: 
2018-11-27 16:02:57,403 DEBUG (BaseJdbcLogger.java:159)- <==      Total: 1
2018-11-27 16:02:57,407 DEBUG (BaseJdbcLogger.java:159)- ==>  Preparing: select word, chinese, iskeyword, sentence from word LIMIT ? 
2018-11-27 16:02:57,407 DEBUG (BaseJdbcLogger.java:159)- ==> Parameters: 3(Integer)
2018-11-27 16:02:57,409 DEBUG (BaseJdbcLogger.java:159)- <==      Total: 3
2018-11-27 16:03:03,742 INFO (WordController.java:88)- page method: pn:2,word:
2018-11-27 16:03:03,747 DEBUG (BaseJdbcLogger.java:159)- ==>  Preparing: SELECT count(0) FROM word 
2018-11-27 16:03:03,748 DEBUG (BaseJdbcLogger.java:159)- ==> Parameters: 
2018-11-27 16:03:03,750 DEBUG (BaseJdbcLogger.java:159)- <==      Total: 1
2018-11-27 16:03:03,752 DEBUG (BaseJdbcLogger.java:159)- ==>  Preparing: select word, chinese, iskeyword, sentence from word LIMIT ?, ? 
2018-11-27 16:03:03,754 DEBUG (BaseJdbcLogger.java:159)- ==> Parameters: 3(Integer), 3(Integer)
2018-11-27 16:03:03,757 DEBUG (BaseJdbcLogger.java:159)- <==      Total: 1
2018-11-27 16:03:06,974 INFO (WordController.java:88)- page method: pn:1,word:
2018-11-27 16:03:06,978 DEBUG (BaseJdbcLogger.java:159)- ==>  Preparing: SELECT count(0) FROM word 
2018-11-27 16:03:06,979 DEBUG (BaseJdbcLogger.java:159)- ==> Parameters: 
2018-11-27 16:03:06,982 DEBUG (BaseJdbcLogger.java:159)- <==      Total: 1
2018-11-27 16:03:06,985 DEBUG (BaseJdbcLogger.java:159)- ==>  Preparing: select word, chinese, iskeyword, sentence from word LIMIT ? 
2018-11-27 16:03:06,987 DEBUG (BaseJdbcLogger.java:159)- ==> Parameters: 3(Integer)
2018-11-27 16:03:06,990 DEBUG (BaseJdbcLogger.java:159)- <==      Total: 3
2018-11-27 16:04:33,191 DEBUG (BaseJdbcLogger.java:159)- ==>  Preparing: INSERT INTO word(word, chinese,iskeyword,sentence) values (?,?, ?,?) , (?,?, ?,?) , (?,?, ?,?) , (?,?, ?,?) 
2018-11-27 16:04:33,206 DEBUG (BaseJdbcLogger.java:159)- ==> Parameters: are(String), 11(String), 1(Integer), afefe(String), is(String), 233(String), 0(Integer), thgtrgr(String), am(String), 443(String), 1(Integer), feafe(String), ok(String), 4(String), 0(Integer), fe3(String)
2018-11-27 16:04:33,233 DEBUG (BaseJdbcLogger.java:159)- <==    Updates: 4
2018-11-27 16:04:49,297 INFO (WordController.java:88)- page method: pn:1,word:
2018-11-27 16:04:49,299 DEBUG (BaseJdbcLogger.java:159)- ==>  Preparing: SELECT count(0) FROM word 
2018-11-27 16:04:49,300 DEBUG (BaseJdbcLogger.java:159)- ==> Parameters: 
2018-11-27 16:04:49,302 DEBUG (BaseJdbcLogger.java:159)- <==      Total: 1
2018-11-27 16:04:49,303 DEBUG (BaseJdbcLogger.java:159)- ==>  Preparing: select word, chinese, iskeyword, sentence from word LIMIT ? 
2018-11-27 16:04:49,304 DEBUG (BaseJdbcLogger.java:159)- ==> Parameters: 3(Integer)
2018-11-27 16:04:49,306 DEBUG (BaseJdbcLogger.java:159)- <==      Total: 3
2018-11-27 16:05:23,884 DEBUG (BaseJdbcLogger.java:159)- ==>  Preparing: INSERT INTO word(word, chinese,iskeyword,sentence) values (?,?, ?,?) , (?,?, ?,?) , (?,?, ?,?) , (?,?, ?,?) 
2018-11-27 16:05:23,889 DEBUG (BaseJdbcLogger.java:159)- ==> Parameters: are(String), 11(String), 1(Integer), afefe(String), is(String), 233(String), 0(Integer), thgtrgr(String), am(String), 443(String), 1(Integer), feafe(String), ok(String), 4(String), 0(Integer), fe3(String)
2018-11-27 16:05:23,928 DEBUG (BaseJdbcLogger.java:159)- <==    Updates: 4
2018-11-27 16:05:23,930 DEBUG (BaseJdbcLogger.java:159)- ==>  Preparing: INSERT INTO word(word, chinese,iskeyword,sentence) values (?,?, ?,?) , (?,?, ?,?) , (?,?, ?,?) , (?,?, ?,?) 
2018-11-27 16:05:23,931 DEBUG (BaseJdbcLogger.java:159)- ==> Parameters: are2(String), 220(String), 0(Integer), afefe(String), is2(String), 238.9(String), 1(Integer), thgtrgr(String), am2(String), 257.8(String), 0(Integer), feafe(String), ok2(String), 276.7(String), 1(Integer), fe4(String)
2018-11-27 16:05:23,934 DEBUG (BaseJdbcLogger.java:159)- <==    Updates: 4
2018-11-27 16:05:23,937 DEBUG (BaseJdbcLogger.java:159)- ==>  Preparing: INSERT INTO word(word, chinese,iskeyword,sentence) values (?,?, ?,?) , (?,?, ?,?) , (?,?, ?,?) , (?,?, ?,?) , (?,?, ?,?) , (?,?, ?,?) , (?,?, ?,?) , (?,?, ?,?) , (?,?, ?,?) , (?,?, ?,?) 
2018-11-27 16:05:23,938 DEBUG (BaseJdbcLogger.java:159)- ==> Parameters: are(String), 11(String), 1(Integer), afefe(String), is(String), 233(String), 0(Integer), thgtrgr(String), am(String), 443(String), 1(Integer), feafe(String), ok(String), 4(String), 0(Integer), fe3(String), are2(String), 220(String), 0(Integer), afefe(String), is2(String), 238.9(String), 1(Integer), thgtrgr(String), am2(String), 257.8(String), 0(Integer), feafe(String), ok2(String), 276.7(String), 1(Integer), fe4(String), are3(String), 295.6(String), 0(Integer), afefe(String), is3(String), 314.5(String), 1(Integer), thgtrgr(String)
2018-11-27 16:05:24,042 ERROR (WordController.java:114)- org.springframework.dao.DuplicateKeyException: 
### Error updating database.  Cause: java.sql.SQLIntegrityConstraintViolationException: Duplicate entry 'are' for key 'PRIMARY'
### The error may involve com.kjw.dao.WordMapper.batchInsert-Inline
### The error occurred while setting parameters
### SQL: INSERT INTO word(word, chinese,iskeyword,sentence)         values                        (?,?,             ?,?)          ,              (?,?,             ?,?)          ,              (?,?,             ?,?)          ,              (?,?,             ?,?)          ,              (?,?,             ?,?)          ,              (?,?,             ?,?)          ,              (?,?,             ?,?)          ,              (?,?,             ?,?)          ,              (?,?,             ?,?)          ,              (?,?,             ?,?)
### Cause: java.sql.SQLIntegrityConstraintViolationException: Duplicate entry 'are' for key 'PRIMARY'
; Duplicate entry 'are' for key 'PRIMARY'; nested exception is java.sql.SQLIntegrityConstraintViolationException: Duplicate entry 'are' for key 'PRIMARY'
2018-11-27 16:05:49,727 DEBUG (BaseJdbcLogger.java:159)- ==>  Preparing: INSERT INTO word(word, chinese,iskeyword,sentence) values (?,?, ?,?) , (?,?, ?,?) , (?,?, ?,?) , (?,?, ?,?) 
2018-11-27 16:05:49,729 DEBUG (BaseJdbcLogger.java:159)- ==> Parameters: are(String), 11(String), 1(Integer), afefe(String), is(String), 233(String), 0(Integer), thgtrgr(String), am(String), 443(String), 1(Integer), feafe(String), ok(String), 4(String), 0(Integer), fe3(String)
2018-11-27 16:05:49,738 DEBUG (BaseJdbcLogger.java:159)- <==    Updates: 4
2018-11-27 16:05:49,740 DEBUG (BaseJdbcLogger.java:159)- ==>  Preparing: INSERT INTO word(word, chinese,iskeyword,sentence) values (?,?, ?,?) , (?,?, ?,?) , (?,?, ?,?) , (?,?, ?,?) 
2018-11-27 16:05:49,741 DEBUG (BaseJdbcLogger.java:159)- ==> Parameters: are2(String), 220(String), 0(Integer), afefe(String), is2(String), 238.9(String), 1(Integer), thgtrgr(String), am2(String), 257.8(String), 0(Integer), feafe(String), ok2(String), 276.7(String), 1(Integer), fe4(String)
2018-11-27 16:05:49,776 DEBUG (BaseJdbcLogger.java:159)- <==    Updates: 4
2018-11-27 16:05:49,780 DEBUG (BaseJdbcLogger.java:159)- ==>  Preparing: INSERT INTO word(word, chinese,iskeyword,sentence) values (?,?, ?,?) , (?,?, ?,?) , (?,?, ?,?) , (?,?, ?,?) , (?,?, ?,?) , (?,?, ?,?) , (?,?, ?,?) , (?,?, ?,?) , (?,?, ?,?) , (?,?, ?,?) 
2018-11-27 16:05:49,782 DEBUG (BaseJdbcLogger.java:159)- ==> Parameters: are(String), 11(String), 1(Integer), afefe(String), is(String), 233(String), 0(Integer), thgtrgr(String), am(String), 443(String), 1(Integer), feafe(String), ok(String), 4(String), 0(Integer), fe3(String), are2(String), 220(String), 0(Integer), afefe(String), is2(String), 238.9(String), 1(Integer), thgtrgr(String), am2(String), 257.8(String), 0(Integer), feafe(String), ok2(String), 276.7(String), 1(Integer), fe4(String), are3(String), 295.6(String), 0(Integer), afefe(String), is3(String), 314.5(String), 1(Integer), thgtrgr(String)
2018-11-27 16:05:49,787 ERROR (WordController.java:114)- org.springframework.dao.DuplicateKeyException: 
### Error updating database.  Cause: java.sql.SQLIntegrityConstraintViolationException: Duplicate entry 'are' for key 'PRIMARY'
### The error may involve com.kjw.dao.WordMapper.batchInsert-Inline
### The error occurred while setting parameters
### SQL: INSERT INTO word(word, chinese,iskeyword,sentence)         values                        (?,?,             ?,?)          ,              (?,?,             ?,?)          ,              (?,?,             ?,?)          ,              (?,?,             ?,?)          ,              (?,?,             ?,?)          ,              (?,?,             ?,?)          ,              (?,?,             ?,?)          ,              (?,?,             ?,?)          ,              (?,?,             ?,?)          ,              (?,?,             ?,?)
### Cause: java.sql.SQLIntegrityConstraintViolationException: Duplicate entry 'are' for key 'PRIMARY'
; Duplicate entry 'are' for key 'PRIMARY'; nested exception is java.sql.SQLIntegrityConstraintViolationException: Duplicate entry 'are' for key 'PRIMARY'
2018-11-27 16:06:46,901 DEBUG (BaseJdbcLogger.java:159)- ==>  Preparing: INSERT INTO word(word, chinese,iskeyword,sentence) values (?,?, ?,?) , (?,?, ?,?) , (?,?, ?,?) , (?,?, ?,?) 
2018-11-27 16:06:46,904 DEBUG (BaseJdbcLogger.java:159)- ==> Parameters: are(String), 11(String), 1(Integer), afefe(String), is(String), 233(String), 0(Integer), thgtrgr(String), am(String), 443(String), 1(Integer), feafe(String), ok(String), 4(String), 0(Integer), fe3(String)
2018-11-27 16:06:46,932 DEBUG (BaseJdbcLogger.java:159)- <==    Updates: 4
2018-11-27 16:06:46,934 DEBUG (BaseJdbcLogger.java:159)- ==>  Preparing: INSERT INTO word(word, chinese,iskeyword,sentence) values (?,?, ?,?) , (?,?, ?,?) , (?,?, ?,?) , (?,?, ?,?) 
2018-11-27 16:06:46,935 DEBUG (BaseJdbcLogger.java:159)- ==> Parameters: are2(String), 220(String), 0(Integer), afefe(String), is2(String), 238.9(String), 1(Integer), thgtrgr(String), am2(String), 257.8(String), 0(Integer), feafe(String), ok2(String), 276.7(String), 1(Integer), fe4(String)
2018-11-27 16:06:46,939 DEBUG (BaseJdbcLogger.java:159)- <==    Updates: 4
2018-11-27 16:06:54,022 DEBUG (BaseJdbcLogger.java:159)- ==>  Preparing: INSERT INTO word(word, chinese,iskeyword,sentence) values (?,?, ?,?) , (?,?, ?,?) , (?,?, ?,?) , (?,?, ?,?) , (?,?, ?,?) , (?,?, ?,?) , (?,?, ?,?) , (?,?, ?,?) , (?,?, ?,?) , (?,?, ?,?) 
2018-11-27 16:06:54,025 DEBUG (BaseJdbcLogger.java:159)- ==> Parameters: are(String), 11(String), 1(Integer), afefe(String), is(String), 233(String), 0(Integer), thgtrgr(String), am(String), 443(String), 1(Integer), feafe(String), ok(String), 4(String), 0(Integer), fe3(String), are2(String), 220(String), 0(Integer), afefe(String), is2(String), 238.9(String), 1(Integer), thgtrgr(String), am2(String), 257.8(String), 0(Integer), feafe(String), ok2(String), 276.7(String), 1(Integer), fe4(String), are3(String), 295.6(String), 0(Integer), afefe(String), is3(String), 314.5(String), 1(Integer), thgtrgr(String)
2018-11-27 16:06:54,028 ERROR (WordController.java:114)- org.springframework.dao.DuplicateKeyException: 
### Error updating database.  Cause: java.sql.SQLIntegrityConstraintViolationException: Duplicate entry 'are' for key 'PRIMARY'
### The error may involve com.kjw.dao.WordMapper.batchInsert-Inline
### The error occurred while setting parameters
### SQL: INSERT INTO word(word, chinese,iskeyword,sentence)         values                        (?,?,             ?,?)          ,              (?,?,             ?,?)          ,              (?,?,             ?,?)          ,              (?,?,             ?,?)          ,              (?,?,             ?,?)          ,              (?,?,             ?,?)          ,              (?,?,             ?,?)          ,              (?,?,             ?,?)          ,              (?,?,             ?,?)          ,              (?,?,             ?,?)
### Cause: java.sql.SQLIntegrityConstraintViolationException: Duplicate entry 'are' for key 'PRIMARY'
; Duplicate entry 'are' for key 'PRIMARY'; nested exception is java.sql.SQLIntegrityConstraintViolationException: Duplicate entry 'are' for key 'PRIMARY'
2018-11-27 16:07:09,320 INFO (StartupInfoLogger.java:50)- Starting EnglishApplication on seari-PC with PID 10036 (E:\ideaworkspace\english\target\classes started by seari in E:\ideaworkspace\english)
2018-11-27 16:07:09,327 DEBUG (StartupInfoLogger.java:53)- Running with Spring Boot v2.1.0.RELEASE, Spring v5.1.2.RELEASE
2018-11-27 16:07:09,332 INFO (SpringApplication.java:675)- No active profile set, falling back to default profiles: default
2018-11-27 16:07:13,769 INFO (StartupInfoLogger.java:59)- Started EnglishApplication in 6.2 seconds (JVM running for 7.953)
2018-11-27 16:07:26,288 DEBUG (BaseJdbcLogger.java:159)- ==>  Preparing: INSERT INTO word(word, chinese,iskeyword,sentence) values (?,?, ?,?) , (?,?, ?,?) , (?,?, ?,?) , (?,?, ?,?) 
2018-11-27 16:07:26,316 DEBUG (BaseJdbcLogger.java:159)- ==> Parameters: are(String), 11(String), 1(Integer), afefe(String), is(String), 233(String), 0(Integer), thgtrgr(String), am(String), 443(String), 1(Integer), feafe(String), ok(String), 4(String), 0(Integer), fe3(String)
2018-11-27 16:07:26,343 DEBUG (BaseJdbcLogger.java:159)- <==    Updates: 4
2018-11-27 16:07:26,346 DEBUG (BaseJdbcLogger.java:159)- ==>  Preparing: INSERT INTO word(word, chinese,iskeyword,sentence) values (?,?, ?,?) , (?,?, ?,?) , (?,?, ?,?) , (?,?, ?,?) 
2018-11-27 16:07:26,347 DEBUG (BaseJdbcLogger.java:159)- ==> Parameters: are2(String), 220(String), 0(Integer), afefe(String), is2(String), 238.9(String), 1(Integer), thgtrgr(String), am2(String), 257.8(String), 0(Integer), feafe(String), ok2(String), 276.7(String), 1(Integer), fe4(String)
2018-11-27 16:07:26,350 DEBUG (BaseJdbcLogger.java:159)- <==    Updates: 4
2018-11-27 16:07:26,351 DEBUG (BaseJdbcLogger.java:159)- ==>  Preparing: INSERT INTO word(word, chinese,iskeyword,sentence) values (?,?, ?,?) , (?,?, ?,?) 
2018-11-27 16:07:26,352 DEBUG (BaseJdbcLogger.java:159)- ==> Parameters: are3(String), 295.6(String), 0(Integer), afefe(String), is3(String), 314.5(String), 1(Integer), thgtrgr(String)
2018-11-27 16:07:26,355 DEBUG (BaseJdbcLogger.java:159)- <==    Updates: 2
2018-11-27 16:07:28,098 INFO (WordController.java:88)- page method: pn:1,word:
2018-11-27 16:07:28,149 DEBUG (BaseJdbcLogger.java:159)- ==>  Preparing: SELECT count(0) FROM word 
2018-11-27 16:07:28,149 DEBUG (BaseJdbcLogger.java:159)- ==> Parameters: 
2018-11-27 16:07:28,186 DEBUG (BaseJdbcLogger.java:159)- <==      Total: 1
2018-11-27 16:07:28,189 DEBUG (BaseJdbcLogger.java:159)- ==>  Preparing: select word, chinese, iskeyword, sentence from word LIMIT ? 
2018-11-27 16:07:28,189 DEBUG (BaseJdbcLogger.java:159)- ==> Parameters: 3(Integer)
2018-11-27 16:07:28,191 DEBUG (BaseJdbcLogger.java:159)- <==      Total: 3
2018-11-27 16:07:30,479 INFO (WordController.java:88)- page method: pn:2,word:
2018-11-27 16:07:30,482 DEBUG (BaseJdbcLogger.java:159)- ==>  Preparing: SELECT count(0) FROM word 
2018-11-27 16:07:30,483 DEBUG (BaseJdbcLogger.java:159)- ==> Parameters: 
2018-11-27 16:07:30,484 DEBUG (BaseJdbcLogger.java:159)- <==      Total: 1
2018-11-27 16:07:30,485 DEBUG (BaseJdbcLogger.java:159)- ==>  Preparing: select word, chinese, iskeyword, sentence from word LIMIT ?, ? 
2018-11-27 16:07:30,486 DEBUG (BaseJdbcLogger.java:159)- ==> Parameters: 3(Integer), 3(Integer)
2018-11-27 16:07:30,489 DEBUG (BaseJdbcLogger.java:159)- <==      Total: 3
2018-11-27 16:07:31,559 INFO (WordController.java:88)- page method: pn:3,word:
2018-11-27 16:07:31,561 DEBUG (BaseJdbcLogger.java:159)- ==>  Preparing: SELECT count(0) FROM word 
2018-11-27 16:07:31,562 DEBUG (BaseJdbcLogger.java:159)- ==> Parameters: 
2018-11-27 16:07:31,564 DEBUG (BaseJdbcLogger.java:159)- <==      Total: 1
2018-11-27 16:07:31,565 DEBUG (BaseJdbcLogger.java:159)- ==>  Preparing: select word, chinese, iskeyword, sentence from word LIMIT ?, ? 
2018-11-27 16:07:31,566 DEBUG (BaseJdbcLogger.java:159)- ==> Parameters: 6(Integer), 3(Integer)
2018-11-27 16:07:31,568 DEBUG (BaseJdbcLogger.java:159)- <==      Total: 3
2018-11-27 16:07:32,851 INFO (WordController.java:88)- page method: pn:2,word:
2018-11-27 16:07:32,855 DEBUG (BaseJdbcLogger.java:159)- ==>  Preparing: SELECT count(0) FROM word 
2018-11-27 16:07:32,856 DEBUG (BaseJdbcLogger.java:159)- ==> Parameters: 
2018-11-27 16:07:32,859 DEBUG (BaseJdbcLogger.java:159)- <==      Total: 1
2018-11-27 16:07:32,861 DEBUG (BaseJdbcLogger.java:159)- ==>  Preparing: select word, chinese, iskeyword, sentence from word LIMIT ?, ? 
2018-11-27 16:07:32,863 DEBUG (BaseJdbcLogger.java:159)- ==> Parameters: 3(Integer), 3(Integer)
2018-11-27 16:07:32,867 DEBUG (BaseJdbcLogger.java:159)- <==      Total: 3
2018-11-27 16:09:27,440 INFO (StartupInfoLogger.java:50)- Starting EnglishApplication on seari-PC with PID 10944 (E:\ideaworkspace\english\target\classes started by seari in E:\ideaworkspace\english)
2018-11-27 16:09:27,445 DEBUG (StartupInfoLogger.java:53)- Running with Spring Boot v2.1.0.RELEASE, Spring v5.1.2.RELEASE
2018-11-27 16:09:27,447 INFO (SpringApplication.java:675)- No active profile set, falling back to default profiles: default
2018-11-27 16:09:30,307 INFO (StartupInfoLogger.java:59)- Started EnglishApplication in 3.982 seconds (JVM running for 5.696)
2018-11-27 16:11:29,232 DEBUG (BaseJdbcLogger.java:159)- ==>  Preparing: INSERT INTO word(word, chinese,iskeyword,sentence) values (?,?, ?,?) , (?,?, ?,?) , (?,?, ?,?) 
2018-11-27 16:11:29,260 DEBUG (BaseJdbcLogger.java:159)- ==> Parameters: are(String), 11(String), 1(Integer), afefe(String), is(String), 233(String), 0(Integer), thgtrgr(String), am(String), 443(String), 1(Integer), feafe(String)
2018-11-27 16:11:29,264 DEBUG (BaseJdbcLogger.java:159)- <==    Updates: 3
2018-11-27 16:11:29,267 DEBUG (BaseJdbcLogger.java:159)- ==>  Preparing: INSERT INTO word(word, chinese,iskeyword,sentence) values (?,?, ?,?) , (?,?, ?,?) , (?,?, ?,?) 
2018-11-27 16:11:29,269 DEBUG (BaseJdbcLogger.java:159)- ==> Parameters: ok(String), 4(String), 0(Integer), fe3(String), are2(String), 220(String), 0(Integer), afefe(String), is2(String), 238.9(String), 1(Integer), thgtrgr(String)
2018-11-27 16:11:29,271 DEBUG (BaseJdbcLogger.java:159)- <==    Updates: 3
2018-11-27 16:11:29,273 DEBUG (BaseJdbcLogger.java:159)- ==>  Preparing: INSERT INTO word(word, chinese,iskeyword,sentence) values (?,?, ?,?) , (?,?, ?,?) , (?,?, ?,?) 
2018-11-27 16:11:29,274 DEBUG (BaseJdbcLogger.java:159)- ==> Parameters: am(String), 257.8(String), 0(Integer), feafe(String), ok2(String), 276.7(String), 1(Integer), fe4(String), are3(String), 295.6(String), 0(Integer), afefe(String)
2018-11-27 16:11:29,340 ERROR (WordController.java:114)- org.springframework.dao.DuplicateKeyException: 
### Error updating database.  Cause: java.sql.SQLIntegrityConstraintViolationException: Duplicate entry 'am' for key 'PRIMARY'
### The error may involve com.kjw.dao.WordMapper.batchInsert-Inline
### The error occurred while setting parameters
### SQL: INSERT INTO word(word, chinese,iskeyword,sentence)         values                        (?,?,             ?,?)          ,              (?,?,             ?,?)          ,              (?,?,             ?,?)
### Cause: java.sql.SQLIntegrityConstraintViolationException: Duplicate entry 'am' for key 'PRIMARY'
; Duplicate entry 'am' for key 'PRIMARY'; nested exception is java.sql.SQLIntegrityConstraintViolationException: Duplicate entry 'am' for key 'PRIMARY'
2018-11-27 16:11:38,594 INFO (WordController.java:88)- page method: pn:1,word:
2018-11-27 16:11:38,650 DEBUG (BaseJdbcLogger.java:159)- ==>  Preparing: SELECT count(0) FROM word 
2018-11-27 16:11:38,651 DEBUG (BaseJdbcLogger.java:159)- ==> Parameters: 
2018-11-27 16:11:38,724 DEBUG (BaseJdbcLogger.java:159)- <==      Total: 1
2018-11-27 16:11:38,728 DEBUG (BaseJdbcLogger.java:159)- ==>  Preparing: select word, chinese, iskeyword, sentence from word LIMIT ? 
2018-11-27 16:11:38,729 DEBUG (BaseJdbcLogger.java:159)- ==> Parameters: 3(Integer)
2018-11-27 16:11:38,732 DEBUG (BaseJdbcLogger.java:159)- <==      Total: 3
2018-11-27 16:11:40,243 INFO (WordController.java:88)- page method: pn:2,word:
2018-11-27 16:11:40,245 DEBUG (BaseJdbcLogger.java:159)- ==>  Preparing: SELECT count(0) FROM word 
2018-11-27 16:11:40,246 DEBUG (BaseJdbcLogger.java:159)- ==> Parameters: 
2018-11-27 16:11:40,247 DEBUG (BaseJdbcLogger.java:159)- <==      Total: 1
2018-11-27 16:11:40,248 DEBUG (BaseJdbcLogger.java:159)- ==>  Preparing: select word, chinese, iskeyword, sentence from word LIMIT ?, ? 
2018-11-27 16:11:40,248 DEBUG (BaseJdbcLogger.java:159)- ==> Parameters: 3(Integer), 3(Integer)
2018-11-27 16:11:40,250 DEBUG (BaseJdbcLogger.java:159)- <==      Total: 3
2018-11-27 16:11:43,507 INFO (WordController.java:88)- page method: pn:1,word:
2018-11-27 16:11:43,511 DEBUG (BaseJdbcLogger.java:159)- ==>  Preparing: SELECT count(0) FROM word 
2018-11-27 16:11:43,513 DEBUG (BaseJdbcLogger.java:159)- ==> Parameters: 
2018-11-27 16:11:43,517 DEBUG (BaseJdbcLogger.java:159)- <==      Total: 1
2018-11-27 16:11:43,518 DEBUG (BaseJdbcLogger.java:159)- ==>  Preparing: select word, chinese, iskeyword, sentence from word LIMIT ? 
2018-11-27 16:11:43,520 DEBUG (BaseJdbcLogger.java:159)- ==> Parameters: 3(Integer)
2018-11-27 16:11:43,524 DEBUG (BaseJdbcLogger.java:159)- <==      Total: 3
