2018-12-20 14:47:10,625 INFO (StartupInfoLogger.java:50)- Starting EnglishApplication on seari-PC with PID 11992 (started by seari in E:\work\english\词汇\english)
2018-12-20 14:47:10,635 DEBUG (StartupInfoLogger.java:53)- Running with Spring Boot v2.1.0.RELEASE, Spring v5.1.2.RELEASE
2018-12-20 14:47:10,638 INFO (SpringApplication.java:675)- No active profile set, falling back to default profiles: default
2018-12-20 14:47:17,366 INFO (StartupInfoLogger.java:59)- Started EnglishApplication in 8.104 seconds (JVM running for 11.725)
2018-12-20 14:47:36,730 DEBUG (BaseJdbcLogger.java:159)- ==>  Preparing: select * FROM `word` AS t1 JOIN (SELECT ROUND(RAND() * ((SELECT MAX(id) FROM `word`)-(SELECT MIN(id) FROM `word`))+(SELECT MIN(id) FROM `word`)) AS id) AS t2 WHERE t1.id >= t2.id ORDER BY t1.id LIMIT 1; 
2018-12-20 14:47:36,749 DEBUG (BaseJdbcLogger.java:159)- ==> Parameters: 
2018-12-20 14:47:36,814 DEBUG (BaseJdbcLogger.java:159)- <==      Total: 1
2018-12-20 14:47:37,207 INFO (WordController.java:134)- coreWordPage method: pn:1,coreWord:implement
2018-12-20 14:47:37,269 DEBUG (BaseJdbcLogger.java:159)- ==>  Preparing: select id, word, chinese, root, coreword, sentence, note,phonetic from word WHERE ( coreword = ? ) 
2018-12-20 14:47:37,270 DEBUG (BaseJdbcLogger.java:159)- ==> Parameters: implement(String)
2018-12-20 14:47:37,282 DEBUG (BaseJdbcLogger.java:159)- <==      Total: 3
2018-12-20 14:47:42,774 DEBUG (BaseJdbcLogger.java:159)- ==>  Preparing: select id, word, chinese, root, coreword, sentence, note,phonetic from word WHERE ( word in ( ? ) ) 
2018-12-20 14:47:42,775 DEBUG (BaseJdbcLogger.java:159)- ==> Parameters: implement(String)
2018-12-20 14:47:42,789 DEBUG (BaseJdbcLogger.java:159)- <==      Total: 1
2018-12-20 14:47:42,800 INFO (WordController.java:134)- coreWordPage method: pn:1,coreWord:implement
2018-12-20 14:47:42,801 DEBUG (BaseJdbcLogger.java:159)- ==>  Preparing: select id, word, chinese, root, coreword, sentence, note,phonetic from word WHERE ( coreword = ? ) 
2018-12-20 14:47:42,802 DEBUG (BaseJdbcLogger.java:159)- ==> Parameters: implement(String)
2018-12-20 14:47:42,819 DEBUG (BaseJdbcLogger.java:159)- <==      Total: 3
2018-12-20 14:47:52,609 DEBUG (BaseJdbcLogger.java:159)- ==>  Preparing: select id, word, chinese, root, coreword, sentence, note,phonetic from word WHERE ( word in ( ? ) ) 
2018-12-20 14:47:52,611 DEBUG (BaseJdbcLogger.java:159)- ==> Parameters: implementer(String)
2018-12-20 14:47:52,627 DEBUG (BaseJdbcLogger.java:159)- <==      Total: 1
2018-12-20 14:47:52,635 INFO (WordController.java:134)- coreWordPage method: pn:1,coreWord:implement
2018-12-20 14:47:52,637 DEBUG (BaseJdbcLogger.java:159)- ==>  Preparing: select id, word, chinese, root, coreword, sentence, note,phonetic from word WHERE ( coreword = ? ) 
2018-12-20 14:47:52,638 DEBUG (BaseJdbcLogger.java:159)- ==> Parameters: implement(String)
2018-12-20 14:47:52,648 DEBUG (BaseJdbcLogger.java:159)- <==      Total: 3
2018-12-20 14:48:09,832 DEBUG (BaseJdbcLogger.java:159)- ==>  Preparing: select * FROM `word` AS t1 JOIN (SELECT ROUND(RAND() * ((SELECT MAX(id) FROM `word`)-(SELECT MIN(id) FROM `word`))+(SELECT MIN(id) FROM `word`)) AS id) AS t2 WHERE t1.id >= t2.id ORDER BY t1.id LIMIT 1; 
2018-12-20 14:48:09,833 DEBUG (BaseJdbcLogger.java:159)- ==> Parameters: 
2018-12-20 14:48:09,855 DEBUG (BaseJdbcLogger.java:159)- <==      Total: 1
2018-12-20 14:48:09,857 DEBUG (BaseJdbcLogger.java:159)- ==>  Preparing: select id, word, chinese, root, coreword, sentence, note,phonetic from word WHERE ( word = ? ) 
2018-12-20 14:48:09,858 DEBUG (BaseJdbcLogger.java:159)- ==> Parameters: ecstasy(String)
2018-12-20 14:48:09,869 DEBUG (BaseJdbcLogger.java:159)- <==      Total: 1
2018-12-20 14:48:09,884 INFO (WordController.java:134)- coreWordPage method: pn:1,coreWord:ecstasy
2018-12-20 14:48:09,886 DEBUG (BaseJdbcLogger.java:159)- ==>  Preparing: select id, word, chinese, root, coreword, sentence, note,phonetic from word WHERE ( coreword = ? ) 
2018-12-20 14:48:09,886 DEBUG (BaseJdbcLogger.java:159)- ==> Parameters: ecstasy(String)
2018-12-20 14:48:09,904 DEBUG (BaseJdbcLogger.java:159)- <==      Total: 3
2018-12-20 14:48:59,561 DEBUG (BaseJdbcLogger.java:159)- ==>  Preparing: select id, word, chinese, root, coreword, sentence, note,phonetic from word WHERE ( word in ( ? ) ) 
2018-12-20 14:48:59,562 DEBUG (BaseJdbcLogger.java:159)- ==> Parameters: ecstatic(String)
2018-12-20 14:48:59,574 DEBUG (BaseJdbcLogger.java:159)- <==      Total: 1
2018-12-20 14:48:59,586 INFO (WordController.java:134)- coreWordPage method: pn:1,coreWord:ecstasy
2018-12-20 14:48:59,588 DEBUG (BaseJdbcLogger.java:159)- ==>  Preparing: select id, word, chinese, root, coreword, sentence, note,phonetic from word WHERE ( coreword = ? ) 
2018-12-20 14:48:59,591 DEBUG (BaseJdbcLogger.java:159)- ==> Parameters: ecstasy(String)
2018-12-20 14:48:59,605 DEBUG (BaseJdbcLogger.java:159)- <==      Total: 3
2018-12-20 14:49:09,373 DEBUG (BaseJdbcLogger.java:159)- ==>  Preparing: select id, word, chinese, root, coreword, sentence, note,phonetic from word WHERE ( word in ( ? ) ) 
2018-12-20 14:49:09,374 DEBUG (BaseJdbcLogger.java:159)- ==> Parameters: ecstatically(String)
2018-12-20 14:49:09,393 DEBUG (BaseJdbcLogger.java:159)- <==      Total: 1
2018-12-20 14:49:09,417 INFO (WordController.java:134)- coreWordPage method: pn:1,coreWord:ecstasy
2018-12-20 14:49:09,429 DEBUG (BaseJdbcLogger.java:159)- ==>  Preparing: select id, word, chinese, root, coreword, sentence, note,phonetic from word WHERE ( coreword = ? ) 
2018-12-20 14:49:09,431 DEBUG (BaseJdbcLogger.java:159)- ==> Parameters: ecstasy(String)
2018-12-20 14:49:09,439 DEBUG (BaseJdbcLogger.java:159)- <==      Total: 3
2018-12-20 14:54:30,821 INFO (StartupInfoLogger.java:50)- Starting EnglishApplication on seari-PC with PID 6700 (started by seari in E:\work\english\词汇\english)
2018-12-20 14:54:30,825 DEBUG (StartupInfoLogger.java:53)- Running with Spring Boot v2.1.0.RELEASE, Spring v5.1.2.RELEASE
2018-12-20 14:54:30,827 INFO (SpringApplication.java:675)- No active profile set, falling back to default profiles: default
2018-12-20 14:54:33,780 INFO (StartupInfoLogger.java:59)- Started EnglishApplication in 4.103 seconds (JVM running for 6.003)
2018-12-20 14:54:40,581 DEBUG (BaseJdbcLogger.java:159)- ==>  Preparing: select * FROM `word` AS t1 JOIN (SELECT ROUND(RAND() * ((SELECT MAX(id) FROM `word`)-(SELECT MIN(id) FROM `word`))+(SELECT MIN(id) FROM `word`)) AS id) AS t2 WHERE t1.id >= t2.id ORDER BY t1.id LIMIT 1; 
2018-12-20 14:54:40,612 DEBUG (BaseJdbcLogger.java:159)- ==> Parameters: 
2018-12-20 14:54:40,686 DEBUG (BaseJdbcLogger.java:159)- <==      Total: 1
2018-12-20 14:54:40,795 DEBUG (BaseJdbcLogger.java:159)- ==>  Preparing: select id, word, chinese, root, coreword, sentence, note,phonetic from word WHERE ( word = ? ) 
2018-12-20 14:54:40,797 DEBUG (BaseJdbcLogger.java:159)- ==> Parameters: perform(String)
2018-12-20 14:54:40,814 DEBUG (BaseJdbcLogger.java:159)- <==      Total: 1
2018-12-20 14:54:41,044 INFO (WordController.java:134)- coreWordPage method: pn:1,coreWord:perform
2018-12-20 14:54:41,067 DEBUG (BaseJdbcLogger.java:159)- ==>  Preparing: select id, word, chinese, root, coreword, sentence, note,phonetic from word WHERE ( coreword = ? ) 
2018-12-20 14:54:41,069 DEBUG (BaseJdbcLogger.java:159)- ==> Parameters: perform(String)
2018-12-20 14:54:41,112 DEBUG (BaseJdbcLogger.java:159)- <==      Total: 27
2018-12-20 14:54:44,946 DEBUG (BaseJdbcLogger.java:159)- ==>  Preparing: select id, word, chinese, root, coreword, sentence, note,phonetic from word WHERE ( word in ( ? ) ) 
2018-12-20 14:54:44,947 DEBUG (BaseJdbcLogger.java:159)- ==> Parameters: perform(String)
2018-12-20 14:54:44,956 DEBUG (BaseJdbcLogger.java:159)- <==      Total: 1
2018-12-20 14:54:44,965 INFO (WordController.java:134)- coreWordPage method: pn:1,coreWord:perform
2018-12-20 14:54:44,966 DEBUG (BaseJdbcLogger.java:159)- ==>  Preparing: select id, word, chinese, root, coreword, sentence, note,phonetic from word WHERE ( coreword = ? ) 
2018-12-20 14:54:44,968 DEBUG (BaseJdbcLogger.java:159)- ==> Parameters: perform(String)
2018-12-20 14:54:44,982 DEBUG (BaseJdbcLogger.java:159)- <==      Total: 27
2018-12-20 14:54:50,418 DEBUG (BaseJdbcLogger.java:159)- ==>  Preparing: select id, word, chinese, root, coreword, sentence, note,phonetic from word WHERE ( word in ( ? ) ) 
2018-12-20 14:54:50,419 DEBUG (BaseJdbcLogger.java:159)- ==> Parameters: performative(String)
2018-12-20 14:54:50,438 DEBUG (BaseJdbcLogger.java:159)- <==      Total: 1
2018-12-20 14:54:50,440 DEBUG (BaseJdbcLogger.java:159)- ==>  Preparing: select id, word, chinese, root, coreword, sentence, note,phonetic from word WHERE ( word = ? ) 
2018-12-20 14:54:50,441 DEBUG (BaseJdbcLogger.java:159)- ==> Parameters: perform(String)
2018-12-20 14:54:50,449 DEBUG (BaseJdbcLogger.java:159)- <==      Total: 1
2018-12-20 14:54:50,456 INFO (WordController.java:134)- coreWordPage method: pn:1,coreWord:perform
2018-12-20 14:54:50,458 DEBUG (BaseJdbcLogger.java:159)- ==>  Preparing: select id, word, chinese, root, coreword, sentence, note,phonetic from word WHERE ( coreword = ? ) 
2018-12-20 14:54:50,458 DEBUG (BaseJdbcLogger.java:159)- ==> Parameters: perform(String)
2018-12-20 14:54:50,471 DEBUG (BaseJdbcLogger.java:159)- <==      Total: 27
2018-12-20 14:54:56,044 DEBUG (BaseJdbcLogger.java:159)- ==>  Preparing: select id, word, chinese, root, coreword, sentence, note,phonetic from word WHERE ( word in ( ? ) ) 
2018-12-20 14:54:56,046 DEBUG (BaseJdbcLogger.java:159)- ==> Parameters: outperform(String)
2018-12-20 14:54:56,057 DEBUG (BaseJdbcLogger.java:159)- <==      Total: 1
2018-12-20 14:54:56,059 DEBUG (BaseJdbcLogger.java:159)- ==>  Preparing: select id, word, chinese, root, coreword, sentence, note,phonetic from word WHERE ( word = ? ) 
2018-12-20 14:54:56,060 DEBUG (BaseJdbcLogger.java:159)- ==> Parameters: perform(String)
2018-12-20 14:54:56,070 DEBUG (BaseJdbcLogger.java:159)- <==      Total: 1
2018-12-20 14:54:56,081 INFO (WordController.java:134)- coreWordPage method: pn:1,coreWord:perform
2018-12-20 14:54:56,084 DEBUG (BaseJdbcLogger.java:159)- ==>  Preparing: select id, word, chinese, root, coreword, sentence, note,phonetic from word WHERE ( coreword = ? ) 
2018-12-20 14:54:56,085 DEBUG (BaseJdbcLogger.java:159)- ==> Parameters: perform(String)
2018-12-20 14:54:56,096 DEBUG (BaseJdbcLogger.java:159)- <==      Total: 27
2018-12-20 14:56:56,678 DEBUG (BaseJdbcLogger.java:159)- ==>  Preparing: select * FROM `word` AS t1 JOIN (SELECT ROUND(RAND() * ((SELECT MAX(id) FROM `word`)-(SELECT MIN(id) FROM `word`))+(SELECT MIN(id) FROM `word`)) AS id) AS t2 WHERE t1.id >= t2.id ORDER BY t1.id LIMIT 1; 
2018-12-20 14:56:56,679 DEBUG (BaseJdbcLogger.java:159)- ==> Parameters: 
2018-12-20 14:56:56,683 DEBUG (BaseJdbcLogger.java:159)- <==      Total: 1
2018-12-20 14:56:56,685 DEBUG (BaseJdbcLogger.java:159)- ==>  Preparing: select id, word, chinese, root, coreword, sentence, note,phonetic from word WHERE ( word = ? ) 
2018-12-20 14:56:56,686 DEBUG (BaseJdbcLogger.java:159)- ==> Parameters: sit(String)
2018-12-20 14:56:56,695 DEBUG (BaseJdbcLogger.java:159)- <==      Total: 1
2018-12-20 14:56:56,704 INFO (WordController.java:134)- coreWordPage method: pn:1,coreWord:sit
2018-12-20 14:56:56,707 DEBUG (BaseJdbcLogger.java:159)- ==>  Preparing: select id, word, chinese, root, coreword, sentence, note,phonetic from word WHERE ( coreword = ? ) 
2018-12-20 14:56:56,708 DEBUG (BaseJdbcLogger.java:159)- ==> Parameters: sit(String)
2018-12-20 14:56:56,723 DEBUG (BaseJdbcLogger.java:159)- <==      Total: 23
2018-12-20 14:57:01,651 DEBUG (BaseJdbcLogger.java:159)- ==>  Preparing: select * FROM `word` AS t1 JOIN (SELECT ROUND(RAND() * ((SELECT MAX(id) FROM `word`)-(SELECT MIN(id) FROM `word`))+(SELECT MIN(id) FROM `word`)) AS id) AS t2 WHERE t1.id >= t2.id ORDER BY t1.id LIMIT 1; 
2018-12-20 14:57:01,652 DEBUG (BaseJdbcLogger.java:159)- ==> Parameters: 
2018-12-20 14:57:01,654 DEBUG (BaseJdbcLogger.java:159)- <==      Total: 1
2018-12-20 14:57:01,656 DEBUG (BaseJdbcLogger.java:159)- ==>  Preparing: select id, word, chinese, root, coreword, sentence, note,phonetic from word WHERE ( word = ? ) 
2018-12-20 14:57:01,657 DEBUG (BaseJdbcLogger.java:159)- ==> Parameters: reside(String)
2018-12-20 14:57:01,667 DEBUG (BaseJdbcLogger.java:159)- <==      Total: 1
2018-12-20 14:57:01,675 INFO (WordController.java:134)- coreWordPage method: pn:1,coreWord:reside
2018-12-20 14:57:01,677 DEBUG (BaseJdbcLogger.java:159)- ==>  Preparing: select id, word, chinese, root, coreword, sentence, note,phonetic from word WHERE ( coreword = ? ) 
2018-12-20 14:57:01,678 DEBUG (BaseJdbcLogger.java:159)- ==> Parameters: reside(String)
2018-12-20 14:57:01,693 DEBUG (BaseJdbcLogger.java:159)- <==      Total: 10
2018-12-20 14:57:02,051 DEBUG (BaseJdbcLogger.java:159)- ==>  Preparing: select * FROM `word` AS t1 JOIN (SELECT ROUND(RAND() * ((SELECT MAX(id) FROM `word`)-(SELECT MIN(id) FROM `word`))+(SELECT MIN(id) FROM `word`)) AS id) AS t2 WHERE t1.id >= t2.id ORDER BY t1.id LIMIT 1; 
2018-12-20 14:57:02,051 DEBUG (BaseJdbcLogger.java:159)- ==> Parameters: 
2018-12-20 14:57:02,053 DEBUG (BaseJdbcLogger.java:159)- <==      Total: 1
2018-12-20 14:57:02,054 DEBUG (BaseJdbcLogger.java:159)- ==>  Preparing: select id, word, chinese, root, coreword, sentence, note,phonetic from word WHERE ( word = ? ) 
2018-12-20 14:57:02,055 DEBUG (BaseJdbcLogger.java:159)- ==> Parameters: ascribe(String)
2018-12-20 14:57:02,063 DEBUG (BaseJdbcLogger.java:159)- <==      Total: 1
2018-12-20 14:57:02,077 INFO (WordController.java:134)- coreWordPage method: pn:1,coreWord:ascribe
2018-12-20 14:57:02,080 DEBUG (BaseJdbcLogger.java:159)- ==>  Preparing: select id, word, chinese, root, coreword, sentence, note,phonetic from word WHERE ( coreword = ? ) 
2018-12-20 14:57:02,081 DEBUG (BaseJdbcLogger.java:159)- ==> Parameters: ascribe(String)
2018-12-20 14:57:02,090 DEBUG (BaseJdbcLogger.java:159)- <==      Total: 4
2018-12-20 14:57:02,411 DEBUG (BaseJdbcLogger.java:159)- ==>  Preparing: select * FROM `word` AS t1 JOIN (SELECT ROUND(RAND() * ((SELECT MAX(id) FROM `word`)-(SELECT MIN(id) FROM `word`))+(SELECT MIN(id) FROM `word`)) AS id) AS t2 WHERE t1.id >= t2.id ORDER BY t1.id LIMIT 1; 
2018-12-20 14:57:02,411 DEBUG (BaseJdbcLogger.java:159)- ==> Parameters: 
2018-12-20 14:57:02,414 DEBUG (BaseJdbcLogger.java:159)- <==      Total: 1
2018-12-20 14:57:02,416 DEBUG (BaseJdbcLogger.java:159)- ==>  Preparing: select id, word, chinese, root, coreword, sentence, note,phonetic from word WHERE ( word = ? ) 
2018-12-20 14:57:02,416 DEBUG (BaseJdbcLogger.java:159)- ==> Parameters: direct(String)
2018-12-20 14:57:02,424 DEBUG (BaseJdbcLogger.java:159)- <==      Total: 1
2018-12-20 14:57:02,431 INFO (WordController.java:134)- coreWordPage method: pn:1,coreWord:direct
2018-12-20 14:57:02,432 DEBUG (BaseJdbcLogger.java:159)- ==>  Preparing: select id, word, chinese, root, coreword, sentence, note,phonetic from word WHERE ( coreword = ? ) 
2018-12-20 14:57:02,433 DEBUG (BaseJdbcLogger.java:159)- ==> Parameters: direct(String)
2018-12-20 14:57:02,445 DEBUG (BaseJdbcLogger.java:159)- <==      Total: 49
2018-12-20 14:58:11,574 DEBUG (BaseJdbcLogger.java:159)- ==>  Preparing: select * FROM `word` AS t1 JOIN (SELECT ROUND(RAND() * ((SELECT MAX(id) FROM `word`)-(SELECT MIN(id) FROM `word`))+(SELECT MIN(id) FROM `word`)) AS id) AS t2 WHERE t1.id >= t2.id ORDER BY t1.id LIMIT 1; 
2018-12-20 14:58:11,575 DEBUG (BaseJdbcLogger.java:159)- ==> Parameters: 
2018-12-20 14:58:11,577 DEBUG (BaseJdbcLogger.java:159)- <==      Total: 1
2018-12-20 14:58:11,579 DEBUG (BaseJdbcLogger.java:159)- ==>  Preparing: select id, word, chinese, root, coreword, sentence, note,phonetic from word WHERE ( word = ? ) 
2018-12-20 14:58:11,579 DEBUG (BaseJdbcLogger.java:159)- ==> Parameters: implicate(String)
2018-12-20 14:58:11,593 DEBUG (BaseJdbcLogger.java:159)- <==      Total: 1
2018-12-20 14:58:11,607 INFO (WordController.java:134)- coreWordPage method: pn:1,coreWord:implicate
2018-12-20 14:58:11,619 DEBUG (BaseJdbcLogger.java:159)- ==>  Preparing: select id, word, chinese, root, coreword, sentence, note,phonetic from word WHERE ( coreword = ? ) 
2018-12-20 14:58:11,622 DEBUG (BaseJdbcLogger.java:159)- ==> Parameters: implicate(String)
2018-12-20 14:58:11,638 DEBUG (BaseJdbcLogger.java:159)- <==      Total: 6
2018-12-20 14:58:12,353 DEBUG (BaseJdbcLogger.java:159)- ==>  Preparing: select * FROM `word` AS t1 JOIN (SELECT ROUND(RAND() * ((SELECT MAX(id) FROM `word`)-(SELECT MIN(id) FROM `word`))+(SELECT MIN(id) FROM `word`)) AS id) AS t2 WHERE t1.id >= t2.id ORDER BY t1.id LIMIT 1; 
2018-12-20 14:58:12,354 DEBUG (BaseJdbcLogger.java:159)- ==> Parameters: 
2018-12-20 14:58:12,356 DEBUG (BaseJdbcLogger.java:159)- <==      Total: 1
2018-12-20 14:58:12,357 DEBUG (BaseJdbcLogger.java:159)- ==>  Preparing: select id, word, chinese, root, coreword, sentence, note,phonetic from word WHERE ( word = ? ) 
2018-12-20 14:58:12,358 DEBUG (BaseJdbcLogger.java:159)- ==> Parameters: complicate(String)
2018-12-20 14:58:12,370 DEBUG (BaseJdbcLogger.java:159)- <==      Total: 1
2018-12-20 14:58:12,381 INFO (WordController.java:134)- coreWordPage method: pn:1,coreWord:complicate
2018-12-20 14:58:12,383 DEBUG (BaseJdbcLogger.java:159)- ==>  Preparing: select id, word, chinese, root, coreword, sentence, note,phonetic from word WHERE ( coreword = ? ) 
2018-12-20 14:58:12,384 DEBUG (BaseJdbcLogger.java:159)- ==> Parameters: complicate(String)
2018-12-20 14:58:12,399 DEBUG (BaseJdbcLogger.java:159)- <==      Total: 7
2018-12-20 14:58:12,972 DEBUG (BaseJdbcLogger.java:159)- ==>  Preparing: select * FROM `word` AS t1 JOIN (SELECT ROUND(RAND() * ((SELECT MAX(id) FROM `word`)-(SELECT MIN(id) FROM `word`))+(SELECT MIN(id) FROM `word`)) AS id) AS t2 WHERE t1.id >= t2.id ORDER BY t1.id LIMIT 1; 
2018-12-20 14:58:12,973 DEBUG (BaseJdbcLogger.java:159)- ==> Parameters: 
2018-12-20 14:58:12,975 DEBUG (BaseJdbcLogger.java:159)- <==      Total: 1
2018-12-20 14:58:12,978 DEBUG (BaseJdbcLogger.java:159)- ==>  Preparing: select id, word, chinese, root, coreword, sentence, note,phonetic from word WHERE ( word = ? ) 
2018-12-20 14:58:12,979 DEBUG (BaseJdbcLogger.java:159)- ==> Parameters: state(String)
2018-12-20 14:58:12,990 DEBUG (BaseJdbcLogger.java:159)- <==      Total: 1
2018-12-20 14:58:13,001 INFO (WordController.java:134)- coreWordPage method: pn:1,coreWord:state
2018-12-20 14:58:13,003 DEBUG (BaseJdbcLogger.java:159)- ==>  Preparing: select id, word, chinese, root, coreword, sentence, note,phonetic from word WHERE ( coreword = ? ) 
2018-12-20 14:58:13,004 DEBUG (BaseJdbcLogger.java:159)- ==> Parameters: state(String)
2018-12-20 14:58:13,028 DEBUG (BaseJdbcLogger.java:159)- <==      Total: 99
2018-12-20 14:58:32,634 DEBUG (BaseJdbcLogger.java:159)- ==>  Preparing: select * FROM `word` AS t1 JOIN (SELECT ROUND(RAND() * ((SELECT MAX(id) FROM `word`)-(SELECT MIN(id) FROM `word`))+(SELECT MIN(id) FROM `word`)) AS id) AS t2 WHERE t1.id >= t2.id ORDER BY t1.id LIMIT 1; 
2018-12-20 14:58:32,635 DEBUG (BaseJdbcLogger.java:159)- ==> Parameters: 
2018-12-20 14:58:32,637 DEBUG (BaseJdbcLogger.java:159)- <==      Total: 1
2018-12-20 14:58:32,639 DEBUG (BaseJdbcLogger.java:159)- ==>  Preparing: select id, word, chinese, root, coreword, sentence, note,phonetic from word WHERE ( word = ? ) 
2018-12-20 14:58:32,641 DEBUG (BaseJdbcLogger.java:159)- ==> Parameters: discover(String)
2018-12-20 14:58:32,652 DEBUG (BaseJdbcLogger.java:159)- <==      Total: 1
2018-12-20 14:58:32,668 INFO (WordController.java:134)- coreWordPage method: pn:1,coreWord:discover
2018-12-20 14:58:32,670 DEBUG (BaseJdbcLogger.java:159)- ==>  Preparing: select id, word, chinese, root, coreword, sentence, note,phonetic from word WHERE ( coreword = ? ) 
2018-12-20 14:58:32,671 DEBUG (BaseJdbcLogger.java:159)- ==> Parameters: discover(String)
2018-12-20 14:58:32,683 DEBUG (BaseJdbcLogger.java:159)- <==      Total: 11
2018-12-20 14:58:33,359 DEBUG (BaseJdbcLogger.java:159)- ==>  Preparing: select * FROM `word` AS t1 JOIN (SELECT ROUND(RAND() * ((SELECT MAX(id) FROM `word`)-(SELECT MIN(id) FROM `word`))+(SELECT MIN(id) FROM `word`)) AS id) AS t2 WHERE t1.id >= t2.id ORDER BY t1.id LIMIT 1; 
2018-12-20 14:58:33,361 DEBUG (BaseJdbcLogger.java:159)- ==> Parameters: 
2018-12-20 14:58:33,363 DEBUG (BaseJdbcLogger.java:159)- <==      Total: 1
2018-12-20 14:58:33,364 DEBUG (BaseJdbcLogger.java:159)- ==>  Preparing: select id, word, chinese, root, coreword, sentence, note,phonetic from word WHERE ( word = ? ) 
2018-12-20 14:58:33,365 DEBUG (BaseJdbcLogger.java:159)- ==> Parameters: flush(String)
2018-12-20 14:58:33,374 DEBUG (BaseJdbcLogger.java:159)- <==      Total: 1
2018-12-20 14:58:33,385 INFO (WordController.java:134)- coreWordPage method: pn:1,coreWord:flush
2018-12-20 14:58:33,388 DEBUG (BaseJdbcLogger.java:159)- ==>  Preparing: select id, word, chinese, root, coreword, sentence, note,phonetic from word WHERE ( coreword = ? ) 
2018-12-20 14:58:33,389 DEBUG (BaseJdbcLogger.java:159)- ==> Parameters: flush(String)
2018-12-20 14:58:33,401 DEBUG (BaseJdbcLogger.java:159)- <==      Total: 4
2018-12-20 14:58:33,999 DEBUG (BaseJdbcLogger.java:159)- ==>  Preparing: select * FROM `word` AS t1 JOIN (SELECT ROUND(RAND() * ((SELECT MAX(id) FROM `word`)-(SELECT MIN(id) FROM `word`))+(SELECT MIN(id) FROM `word`)) AS id) AS t2 WHERE t1.id >= t2.id ORDER BY t1.id LIMIT 1; 
2018-12-20 14:58:34,000 DEBUG (BaseJdbcLogger.java:159)- ==> Parameters: 
2018-12-20 14:58:34,003 DEBUG (BaseJdbcLogger.java:159)- <==      Total: 1
2018-12-20 14:58:34,014 INFO (WordController.java:134)- coreWordPage method: pn:1,coreWord:cost
2018-12-20 14:58:34,016 DEBUG (BaseJdbcLogger.java:159)- ==>  Preparing: select id, word, chinese, root, coreword, sentence, note,phonetic from word WHERE ( coreword = ? ) 
2018-12-20 14:58:34,017 DEBUG (BaseJdbcLogger.java:159)- ==> Parameters: cost(String)
2018-12-20 14:58:34,030 DEBUG (BaseJdbcLogger.java:159)- <==      Total: 10
2018-12-20 14:58:34,534 DEBUG (BaseJdbcLogger.java:159)- ==>  Preparing: select * FROM `word` AS t1 JOIN (SELECT ROUND(RAND() * ((SELECT MAX(id) FROM `word`)-(SELECT MIN(id) FROM `word`))+(SELECT MIN(id) FROM `word`)) AS id) AS t2 WHERE t1.id >= t2.id ORDER BY t1.id LIMIT 1; 
2018-12-20 14:58:34,535 DEBUG (BaseJdbcLogger.java:159)- ==> Parameters: 
2018-12-20 14:58:34,536 DEBUG (BaseJdbcLogger.java:159)- <==      Total: 1
2018-12-20 14:58:34,540 DEBUG (BaseJdbcLogger.java:159)- ==>  Preparing: select id, word, chinese, root, coreword, sentence, note,phonetic from word WHERE ( word = ? ) 
2018-12-20 14:58:34,541 DEBUG (BaseJdbcLogger.java:159)- ==> Parameters: circumstance(String)
2018-12-20 14:58:34,549 DEBUG (BaseJdbcLogger.java:159)- <==      Total: 1
2018-12-20 14:58:34,562 INFO (WordController.java:134)- coreWordPage method: pn:1,coreWord:circumstance
2018-12-20 14:58:34,566 DEBUG (BaseJdbcLogger.java:159)- ==>  Preparing: select id, word, chinese, root, coreword, sentence, note,phonetic from word WHERE ( coreword = ? ) 
2018-12-20 14:58:34,569 DEBUG (BaseJdbcLogger.java:159)- ==> Parameters: circumstance(String)
2018-12-20 14:58:34,579 DEBUG (BaseJdbcLogger.java:159)- <==      Total: 3
2018-12-20 14:58:35,066 DEBUG (BaseJdbcLogger.java:159)- ==>  Preparing: select * FROM `word` AS t1 JOIN (SELECT ROUND(RAND() * ((SELECT MAX(id) FROM `word`)-(SELECT MIN(id) FROM `word`))+(SELECT MIN(id) FROM `word`)) AS id) AS t2 WHERE t1.id >= t2.id ORDER BY t1.id LIMIT 1; 
2018-12-20 14:58:35,067 DEBUG (BaseJdbcLogger.java:159)- ==> Parameters: 
2018-12-20 14:58:35,069 DEBUG (BaseJdbcLogger.java:159)- <==      Total: 1
2018-12-20 14:58:35,070 DEBUG (BaseJdbcLogger.java:159)- ==>  Preparing: select id, word, chinese, root, coreword, sentence, note,phonetic from word WHERE ( word = ? ) 
2018-12-20 14:58:35,071 DEBUG (BaseJdbcLogger.java:159)- ==> Parameters: legitimate(String)
2018-12-20 14:58:35,082 DEBUG (BaseJdbcLogger.java:159)- <==      Total: 1
2018-12-20 14:58:35,101 INFO (WordController.java:134)- coreWordPage method: pn:1,coreWord:legitimate
2018-12-20 14:58:35,103 DEBUG (BaseJdbcLogger.java:159)- ==>  Preparing: select id, word, chinese, root, coreword, sentence, note,phonetic from word WHERE ( coreword = ? ) 
2018-12-20 14:58:35,104 DEBUG (BaseJdbcLogger.java:159)- ==> Parameters: legitimate(String)
2018-12-20 14:58:35,115 DEBUG (BaseJdbcLogger.java:159)- <==      Total: 9
2018-12-20 14:58:42,637 INFO (StartupInfoLogger.java:50)- Starting EnglishApplication on seari-PC with PID 11956 (started by seari in E:\work\english\词汇\english)
2018-12-20 14:58:42,648 DEBUG (StartupInfoLogger.java:53)- Running with Spring Boot v2.1.0.RELEASE, Spring v5.1.2.RELEASE
2018-12-20 14:58:42,652 INFO (SpringApplication.java:675)- No active profile set, falling back to default profiles: default
2018-12-20 14:58:47,081 INFO (StartupInfoLogger.java:59)- Started EnglishApplication in 6.2 seconds (JVM running for 8.035)
2018-12-20 14:58:51,531 DEBUG (BaseJdbcLogger.java:159)- ==>  Preparing: select * FROM `word` AS t1 JOIN (SELECT ROUND(RAND() * ((SELECT MAX(id) FROM `word`)-(SELECT MIN(id) FROM `word`))+(SELECT MIN(id) FROM `word`)) AS id) AS t2 WHERE t1.id >= t2.id ORDER BY t1.id LIMIT 1; 
2018-12-20 14:58:51,565 DEBUG (BaseJdbcLogger.java:159)- ==> Parameters: 
2018-12-20 14:58:51,615 DEBUG (BaseJdbcLogger.java:159)- <==      Total: 1
2018-12-20 14:58:51,690 DEBUG (BaseJdbcLogger.java:159)- ==>  Preparing: select id, word, chinese, root, coreword, sentence, note,phonetic from word WHERE ( word = ? ) 
2018-12-20 14:58:51,691 DEBUG (BaseJdbcLogger.java:159)- ==> Parameters: still(String)
2018-12-20 14:58:51,703 DEBUG (BaseJdbcLogger.java:159)- <==      Total: 1
2018-12-20 14:58:51,778 INFO (WordController.java:134)- coreWordPage method: pn:1,coreWord:still
2018-12-20 14:58:51,787 DEBUG (BaseJdbcLogger.java:159)- ==>  Preparing: select id, word, chinese, root, coreword, sentence, note,phonetic from word WHERE ( coreword = ? ) 
2018-12-20 14:58:51,799 DEBUG (BaseJdbcLogger.java:159)- ==> Parameters: still(String)
2018-12-20 14:58:51,987 DEBUG (BaseJdbcLogger.java:159)- <==      Total: 16
2018-12-20 14:59:03,699 DEBUG (BaseJdbcLogger.java:159)- ==>  Preparing: select * FROM `word` AS t1 JOIN (SELECT ROUND(RAND() * ((SELECT MAX(id) FROM `word`)-(SELECT MIN(id) FROM `word`))+(SELECT MIN(id) FROM `word`)) AS id) AS t2 WHERE t1.id >= t2.id ORDER BY t1.id LIMIT 1; 
2018-12-20 14:59:03,700 DEBUG (BaseJdbcLogger.java:159)- ==> Parameters: 
2018-12-20 14:59:03,703 DEBUG (BaseJdbcLogger.java:159)- <==      Total: 1
2018-12-20 14:59:03,705 DEBUG (BaseJdbcLogger.java:159)- ==>  Preparing: select id, word, chinese, root, coreword, sentence, note,phonetic from word WHERE ( word = ? ) 
2018-12-20 14:59:03,706 DEBUG (BaseJdbcLogger.java:159)- ==> Parameters: steel(String)
2018-12-20 14:59:03,716 DEBUG (BaseJdbcLogger.java:159)- <==      Total: 1
2018-12-20 14:59:03,731 INFO (WordController.java:134)- coreWordPage method: pn:1,coreWord:steel
2018-12-20 14:59:03,734 DEBUG (BaseJdbcLogger.java:159)- ==>  Preparing: select id, word, chinese, root, coreword, sentence, note,phonetic from word WHERE ( coreword = ? ) 
2018-12-20 14:59:03,735 DEBUG (BaseJdbcLogger.java:159)- ==> Parameters: steel(String)
2018-12-20 14:59:03,751 DEBUG (BaseJdbcLogger.java:159)- <==      Total: 14
2018-12-20 14:59:04,307 DEBUG (BaseJdbcLogger.java:159)- ==>  Preparing: select * FROM `word` AS t1 JOIN (SELECT ROUND(RAND() * ((SELECT MAX(id) FROM `word`)-(SELECT MIN(id) FROM `word`))+(SELECT MIN(id) FROM `word`)) AS id) AS t2 WHERE t1.id >= t2.id ORDER BY t1.id LIMIT 1; 
2018-12-20 14:59:04,308 DEBUG (BaseJdbcLogger.java:159)- ==> Parameters: 
2018-12-20 14:59:04,310 DEBUG (BaseJdbcLogger.java:159)- <==      Total: 1
2018-12-20 14:59:04,312 DEBUG (BaseJdbcLogger.java:159)- ==>  Preparing: select id, word, chinese, root, coreword, sentence, note,phonetic from word WHERE ( word = ? ) 
2018-12-20 14:59:04,313 DEBUG (BaseJdbcLogger.java:159)- ==> Parameters: victor(String)
2018-12-20 14:59:04,322 DEBUG (BaseJdbcLogger.java:159)- <==      Total: 1
2018-12-20 14:59:04,330 INFO (WordController.java:134)- coreWordPage method: pn:1,coreWord:victor
2018-12-20 14:59:04,332 DEBUG (BaseJdbcLogger.java:159)- ==>  Preparing: select id, word, chinese, root, coreword, sentence, note,phonetic from word WHERE ( coreword = ? ) 
2018-12-20 14:59:04,333 DEBUG (BaseJdbcLogger.java:159)- ==> Parameters: victor(String)
2018-12-20 14:59:04,347 DEBUG (BaseJdbcLogger.java:159)- <==      Total: 9
2018-12-20 14:59:04,949 DEBUG (BaseJdbcLogger.java:159)- ==>  Preparing: select * FROM `word` AS t1 JOIN (SELECT ROUND(RAND() * ((SELECT MAX(id) FROM `word`)-(SELECT MIN(id) FROM `word`))+(SELECT MIN(id) FROM `word`)) AS id) AS t2 WHERE t1.id >= t2.id ORDER BY t1.id LIMIT 1; 
2018-12-20 14:59:04,949 DEBUG (BaseJdbcLogger.java:159)- ==> Parameters: 
2018-12-20 14:59:04,951 DEBUG (BaseJdbcLogger.java:159)- <==      Total: 1
2018-12-20 14:59:04,953 DEBUG (BaseJdbcLogger.java:159)- ==>  Preparing: select id, word, chinese, root, coreword, sentence, note,phonetic from word WHERE ( word = ? ) 
2018-12-20 14:59:04,954 DEBUG (BaseJdbcLogger.java:159)- ==> Parameters: synergy(String)
2018-12-20 14:59:04,966 DEBUG (BaseJdbcLogger.java:159)- <==      Total: 1
2018-12-20 14:59:04,977 INFO (WordController.java:134)- coreWordPage method: pn:1,coreWord:synergy
2018-12-20 14:59:04,980 DEBUG (BaseJdbcLogger.java:159)- ==>  Preparing: select id, word, chinese, root, coreword, sentence, note,phonetic from word WHERE ( coreword = ? ) 
2018-12-20 14:59:04,981 DEBUG (BaseJdbcLogger.java:159)- ==> Parameters: synergy(String)
2018-12-20 14:59:04,993 DEBUG (BaseJdbcLogger.java:159)- <==      Total: 5
2018-12-20 14:59:05,572 DEBUG (BaseJdbcLogger.java:159)- ==>  Preparing: select * FROM `word` AS t1 JOIN (SELECT ROUND(RAND() * ((SELECT MAX(id) FROM `word`)-(SELECT MIN(id) FROM `word`))+(SELECT MIN(id) FROM `word`)) AS id) AS t2 WHERE t1.id >= t2.id ORDER BY t1.id LIMIT 1; 
2018-12-20 14:59:05,572 DEBUG (BaseJdbcLogger.java:159)- ==> Parameters: 
2018-12-20 14:59:05,575 DEBUG (BaseJdbcLogger.java:159)- <==      Total: 1
2018-12-20 14:59:05,578 DEBUG (BaseJdbcLogger.java:159)- ==>  Preparing: select id, word, chinese, root, coreword, sentence, note,phonetic from word WHERE ( word = ? ) 
2018-12-20 14:59:05,579 DEBUG (BaseJdbcLogger.java:159)- ==> Parameters: complex(String)
2018-12-20 14:59:05,588 DEBUG (BaseJdbcLogger.java:159)- <==      Total: 1
2018-12-20 14:59:05,599 INFO (WordController.java:134)- coreWordPage method: pn:1,coreWord:complex
2018-12-20 14:59:05,602 DEBUG (BaseJdbcLogger.java:159)- ==>  Preparing: select id, word, chinese, root, coreword, sentence, note,phonetic from word WHERE ( coreword = ? ) 
2018-12-20 14:59:05,603 DEBUG (BaseJdbcLogger.java:159)- ==> Parameters: complex(String)
2018-12-20 14:59:05,614 DEBUG (BaseJdbcLogger.java:159)- <==      Total: 6
2018-12-20 15:00:43,785 DEBUG (BaseJdbcLogger.java:159)- ==>  Preparing: select * FROM `word` AS t1 JOIN (SELECT ROUND(RAND() * ((SELECT MAX(id) FROM `word`)-(SELECT MIN(id) FROM `word`))+(SELECT MIN(id) FROM `word`)) AS id) AS t2 WHERE t1.id >= t2.id ORDER BY t1.id LIMIT 1; 
2018-12-20 15:00:43,788 DEBUG (BaseJdbcLogger.java:159)- ==> Parameters: 
2018-12-20 15:00:43,793 DEBUG (BaseJdbcLogger.java:159)- <==      Total: 1
2018-12-20 15:00:43,798 DEBUG (BaseJdbcLogger.java:159)- ==>  Preparing: select id, word, chinese, root, coreword, sentence, note,phonetic from word WHERE ( word = ? ) 
2018-12-20 15:00:43,799 DEBUG (BaseJdbcLogger.java:159)- ==> Parameters: deviant(String)
2018-12-20 15:00:43,809 DEBUG (BaseJdbcLogger.java:159)- <==      Total: 1
2018-12-20 15:00:43,856 INFO (WordController.java:134)- coreWordPage method: pn:1,coreWord:deviant
2018-12-20 15:00:43,859 DEBUG (BaseJdbcLogger.java:159)- ==>  Preparing: select id, word, chinese, root, coreword, sentence, note,phonetic from word WHERE ( coreword = ? ) 
2018-12-20 15:00:43,860 DEBUG (BaseJdbcLogger.java:159)- ==> Parameters: deviant(String)
2018-12-20 15:00:43,907 DEBUG (BaseJdbcLogger.java:159)- <==      Total: 9
2018-12-20 15:00:44,456 DEBUG (BaseJdbcLogger.java:159)- ==>  Preparing: select * FROM `word` AS t1 JOIN (SELECT ROUND(RAND() * ((SELECT MAX(id) FROM `word`)-(SELECT MIN(id) FROM `word`))+(SELECT MIN(id) FROM `word`)) AS id) AS t2 WHERE t1.id >= t2.id ORDER BY t1.id LIMIT 1; 
2018-12-20 15:00:44,457 DEBUG (BaseJdbcLogger.java:159)- ==> Parameters: 
2018-12-20 15:00:44,459 DEBUG (BaseJdbcLogger.java:159)- <==      Total: 1
2018-12-20 15:00:44,461 DEBUG (BaseJdbcLogger.java:159)- ==>  Preparing: select id, word, chinese, root, coreword, sentence, note,phonetic from word WHERE ( word = ? ) 
2018-12-20 15:00:44,462 DEBUG (BaseJdbcLogger.java:159)- ==> Parameters: orgy(String)
2018-12-20 15:00:44,473 DEBUG (BaseJdbcLogger.java:159)- <==      Total: 1
2018-12-20 15:00:44,490 INFO (WordController.java:134)- coreWordPage method: pn:1,coreWord:orgy
2018-12-20 15:00:44,492 DEBUG (BaseJdbcLogger.java:159)- ==>  Preparing: select id, word, chinese, root, coreword, sentence, note,phonetic from word WHERE ( coreword = ? ) 
2018-12-20 15:00:44,496 DEBUG (BaseJdbcLogger.java:159)- ==> Parameters: orgy(String)
2018-12-20 15:00:44,509 DEBUG (BaseJdbcLogger.java:159)- <==      Total: 4
2018-12-20 15:00:55,917 DEBUG (BaseJdbcLogger.java:159)- ==>  Preparing: select id, word, chinese, root, coreword, sentence, note,phonetic from word WHERE ( word in ( ? ) ) 
2018-12-20 15:00:55,918 DEBUG (BaseJdbcLogger.java:159)- ==> Parameters: orgy(String)
2018-12-20 15:00:55,934 DEBUG (BaseJdbcLogger.java:159)- <==      Total: 1
2018-12-20 15:00:55,946 INFO (WordController.java:134)- coreWordPage method: pn:1,coreWord:orgy
2018-12-20 15:00:55,952 DEBUG (BaseJdbcLogger.java:159)- ==>  Preparing: select id, word, chinese, root, coreword, sentence, note,phonetic from word WHERE ( coreword = ? ) 
2018-12-20 15:00:55,954 DEBUG (BaseJdbcLogger.java:159)- ==> Parameters: orgy(String)
2018-12-20 15:00:55,965 DEBUG (BaseJdbcLogger.java:159)- <==      Total: 4
2018-12-20 15:01:49,886 DEBUG (BaseJdbcLogger.java:159)- ==>  Preparing: select * FROM `word` AS t1 JOIN (SELECT ROUND(RAND() * ((SELECT MAX(id) FROM `word`)-(SELECT MIN(id) FROM `word`))+(SELECT MIN(id) FROM `word`)) AS id) AS t2 WHERE t1.id >= t2.id ORDER BY t1.id LIMIT 1; 
2018-12-20 15:01:49,887 DEBUG (BaseJdbcLogger.java:159)- ==> Parameters: 
2018-12-20 15:01:49,888 DEBUG (BaseJdbcLogger.java:159)- <==      Total: 1
2018-12-20 15:01:49,890 DEBUG (BaseJdbcLogger.java:159)- ==>  Preparing: select id, word, chinese, root, coreword, sentence, note,phonetic from word WHERE ( word = ? ) 
2018-12-20 15:01:49,891 DEBUG (BaseJdbcLogger.java:159)- ==> Parameters: assist(String)
2018-12-20 15:01:49,902 DEBUG (BaseJdbcLogger.java:159)- <==      Total: 1
2018-12-20 15:01:49,918 INFO (WordController.java:134)- coreWordPage method: pn:1,coreWord:assist
2018-12-20 15:01:49,920 DEBUG (BaseJdbcLogger.java:159)- ==>  Preparing: select id, word, chinese, root, coreword, sentence, note,phonetic from word WHERE ( coreword = ? ) 
2018-12-20 15:01:49,921 DEBUG (BaseJdbcLogger.java:159)- ==> Parameters: assist(String)
2018-12-20 15:01:49,934 DEBUG (BaseJdbcLogger.java:159)- <==      Total: 11
2018-12-20 15:01:58,836 DEBUG (BaseJdbcLogger.java:159)- ==>  Preparing: select id, word, chinese, root, coreword, sentence, note,phonetic from word WHERE ( word in ( ? ) ) 
2018-12-20 15:01:58,838 DEBUG (BaseJdbcLogger.java:159)- ==> Parameters: assisted(String)
2018-12-20 15:01:58,849 DEBUG (BaseJdbcLogger.java:159)- <==      Total: 1
2018-12-20 15:01:58,850 DEBUG (BaseJdbcLogger.java:159)- ==>  Preparing: select id, word, chinese, root, coreword, sentence, note,phonetic from word WHERE ( word = ? ) 
2018-12-20 15:01:58,851 DEBUG (BaseJdbcLogger.java:159)- ==> Parameters: assist(String)
2018-12-20 15:01:58,859 DEBUG (BaseJdbcLogger.java:159)- <==      Total: 1
2018-12-20 15:01:58,869 INFO (WordController.java:134)- coreWordPage method: pn:1,coreWord:assist
2018-12-20 15:01:58,871 DEBUG (BaseJdbcLogger.java:159)- ==>  Preparing: select id, word, chinese, root, coreword, sentence, note,phonetic from word WHERE ( coreword = ? ) 
2018-12-20 15:01:58,872 DEBUG (BaseJdbcLogger.java:159)- ==> Parameters: assist(String)
2018-12-20 15:01:58,885 DEBUG (BaseJdbcLogger.java:159)- <==      Total: 11
2018-12-20 15:43:16,432 INFO (StartupInfoLogger.java:50)- Starting EnglishApplication on seari-PC with PID 11580 (started by seari in E:\work\english\词汇\english)
2018-12-20 15:43:16,437 DEBUG (StartupInfoLogger.java:53)- Running with Spring Boot v2.1.0.RELEASE, Spring v5.1.2.RELEASE
2018-12-20 15:43:16,440 INFO (SpringApplication.java:675)- No active profile set, falling back to default profiles: default
2018-12-20 15:43:20,051 INFO (StartupInfoLogger.java:59)- Started EnglishApplication in 4.711 seconds (JVM running for 6.645)
2018-12-20 15:43:29,453 DEBUG (BaseJdbcLogger.java:159)- ==>  Preparing: select * FROM `word` AS t1 JOIN (SELECT ROUND(RAND() * ((SELECT MAX(id) FROM `word`)-(SELECT MIN(id) FROM `word`))+(SELECT MIN(id) FROM `word`)) AS id) AS t2 WHERE t1.id >= t2.id ORDER BY t1.id LIMIT 1; 
2018-12-20 15:43:29,475 DEBUG (BaseJdbcLogger.java:159)- ==> Parameters: 
2018-12-20 15:43:29,601 DEBUG (BaseJdbcLogger.java:159)- <==      Total: 1
2018-12-20 15:43:29,650 DEBUG (BaseJdbcLogger.java:159)- ==>  Preparing: select id, word, chinese, root, coreword, sentence, note,phonetic from word WHERE ( word = ? ) 
2018-12-20 15:43:29,652 DEBUG (BaseJdbcLogger.java:159)- ==> Parameters: elect(String)
2018-12-20 15:43:29,675 DEBUG (BaseJdbcLogger.java:159)- <==      Total: 1
2018-12-20 15:43:29,987 INFO (WordController.java:134)- coreWordPage method: pn:1,coreWord:elect
2018-12-20 15:43:30,005 DEBUG (BaseJdbcLogger.java:159)- ==>  Preparing: select id, word, chinese, root, coreword, sentence, note,phonetic from word WHERE ( coreword = ? ) 
2018-12-20 15:43:30,007 DEBUG (BaseJdbcLogger.java:159)- ==> Parameters: elect(String)
2018-12-20 15:43:30,036 DEBUG (BaseJdbcLogger.java:159)- <==      Total: 20
2018-12-20 15:43:46,009 DEBUG (BaseJdbcLogger.java:159)- ==>  Preparing: select * FROM `word` AS t1 JOIN (SELECT ROUND(RAND() * ((SELECT MAX(id) FROM `word`)-(SELECT MIN(id) FROM `word`))+(SELECT MIN(id) FROM `word`)) AS id) AS t2 WHERE t1.id >= t2.id ORDER BY t1.id LIMIT 1; 
2018-12-20 15:43:46,011 DEBUG (BaseJdbcLogger.java:159)- ==> Parameters: 
2018-12-20 15:43:46,030 DEBUG (BaseJdbcLogger.java:159)- <==      Total: 1
2018-12-20 15:43:46,033 DEBUG (BaseJdbcLogger.java:159)- ==>  Preparing: select id, word, chinese, root, coreword, sentence, note,phonetic from word WHERE ( word = ? ) 
2018-12-20 15:43:46,034 DEBUG (BaseJdbcLogger.java:159)- ==> Parameters: deform(String)
2018-12-20 15:43:46,048 DEBUG (BaseJdbcLogger.java:159)- <==      Total: 1
2018-12-20 15:43:46,073 INFO (WordController.java:134)- coreWordPage method: pn:1,coreWord:deform
2018-12-20 15:43:46,078 DEBUG (BaseJdbcLogger.java:159)- ==>  Preparing: select id, word, chinese, root, coreword, sentence, note,phonetic from word WHERE ( coreword = ? ) 
2018-12-20 15:43:46,079 DEBUG (BaseJdbcLogger.java:159)- ==> Parameters: deform(String)
2018-12-20 15:43:46,092 DEBUG (BaseJdbcLogger.java:159)- <==      Total: 5
2018-12-20 15:43:46,651 DEBUG (BaseJdbcLogger.java:159)- ==>  Preparing: select * FROM `word` AS t1 JOIN (SELECT ROUND(RAND() * ((SELECT MAX(id) FROM `word`)-(SELECT MIN(id) FROM `word`))+(SELECT MIN(id) FROM `word`)) AS id) AS t2 WHERE t1.id >= t2.id ORDER BY t1.id LIMIT 1; 
2018-12-20 15:43:46,652 DEBUG (BaseJdbcLogger.java:159)- ==> Parameters: 
2018-12-20 15:43:46,654 DEBUG (BaseJdbcLogger.java:159)- <==      Total: 1
2018-12-20 15:43:46,688 INFO (WordController.java:134)- coreWordPage method: pn:1,coreWord:former
2018-12-20 15:43:46,689 DEBUG (BaseJdbcLogger.java:159)- ==>  Preparing: select id, word, chinese, root, coreword, sentence, note,phonetic from word WHERE ( coreword = ? ) 
2018-12-20 15:43:46,690 DEBUG (BaseJdbcLogger.java:159)- ==> Parameters: former(String)
2018-12-20 15:43:46,703 DEBUG (BaseJdbcLogger.java:159)- <==      Total: 2
2018-12-20 15:43:48,484 DEBUG (BaseJdbcLogger.java:159)- ==>  Preparing: select * FROM `word` AS t1 JOIN (SELECT ROUND(RAND() * ((SELECT MAX(id) FROM `word`)-(SELECT MIN(id) FROM `word`))+(SELECT MIN(id) FROM `word`)) AS id) AS t2 WHERE t1.id >= t2.id ORDER BY t1.id LIMIT 1; 
2018-12-20 15:43:48,485 DEBUG (BaseJdbcLogger.java:159)- ==> Parameters: 
2018-12-20 15:43:48,517 DEBUG (BaseJdbcLogger.java:159)- <==      Total: 1
2018-12-20 15:43:48,536 DEBUG (BaseJdbcLogger.java:159)- ==>  Preparing: select id, word, chinese, root, coreword, sentence, note,phonetic from word WHERE ( word = ? ) 
2018-12-20 15:43:48,537 DEBUG (BaseJdbcLogger.java:159)- ==> Parameters: apprehend(String)
2018-12-20 15:43:48,549 DEBUG (BaseJdbcLogger.java:159)- <==      Total: 1
2018-12-20 15:43:48,658 INFO (WordController.java:134)- coreWordPage method: pn:1,coreWord:apprehend
2018-12-20 15:43:48,684 DEBUG (BaseJdbcLogger.java:159)- ==>  Preparing: select id, word, chinese, root, coreword, sentence, note,phonetic from word WHERE ( coreword = ? ) 
2018-12-20 15:43:48,685 DEBUG (BaseJdbcLogger.java:159)- ==> Parameters: apprehend(String)
2018-12-20 15:43:48,698 DEBUG (BaseJdbcLogger.java:159)- <==      Total: 9
2018-12-20 15:43:49,082 DEBUG (BaseJdbcLogger.java:159)- ==>  Preparing: select * FROM `word` AS t1 JOIN (SELECT ROUND(RAND() * ((SELECT MAX(id) FROM `word`)-(SELECT MIN(id) FROM `word`))+(SELECT MIN(id) FROM `word`)) AS id) AS t2 WHERE t1.id >= t2.id ORDER BY t1.id LIMIT 1; 
2018-12-20 15:43:49,082 DEBUG (BaseJdbcLogger.java:159)- ==> Parameters: 
2018-12-20 15:43:49,084 DEBUG (BaseJdbcLogger.java:159)- <==      Total: 1
2018-12-20 15:43:49,086 DEBUG (BaseJdbcLogger.java:159)- ==>  Preparing: select id, word, chinese, root, coreword, sentence, note,phonetic from word WHERE ( word = ? ) 
2018-12-20 15:43:49,087 DEBUG (BaseJdbcLogger.java:159)- ==> Parameters: impress(String)
2018-12-20 15:43:49,101 DEBUG (BaseJdbcLogger.java:159)- <==      Total: 1
2018-12-20 15:43:49,115 INFO (WordController.java:134)- coreWordPage method: pn:1,coreWord:impress
2018-12-20 15:43:49,118 DEBUG (BaseJdbcLogger.java:159)- ==>  Preparing: select id, word, chinese, root, coreword, sentence, note,phonetic from word WHERE ( coreword = ? ) 
2018-12-20 15:43:49,120 DEBUG (BaseJdbcLogger.java:159)- ==> Parameters: impress(String)
2018-12-20 15:43:49,140 DEBUG (BaseJdbcLogger.java:159)- <==      Total: 15
2018-12-20 15:44:51,148 DEBUG (BaseJdbcLogger.java:159)- ==>  Preparing: select * FROM `word` AS t1 JOIN (SELECT ROUND(RAND() * ((SELECT MAX(id) FROM `word`)-(SELECT MIN(id) FROM `word`))+(SELECT MIN(id) FROM `word`)) AS id) AS t2 WHERE t1.id >= t2.id ORDER BY t1.id LIMIT 1; 
2018-12-20 15:44:51,149 DEBUG (BaseJdbcLogger.java:159)- ==> Parameters: 
2018-12-20 15:44:51,156 DEBUG (BaseJdbcLogger.java:159)- <==      Total: 1
2018-12-20 15:44:51,159 DEBUG (BaseJdbcLogger.java:159)- ==>  Preparing: select id, word, chinese, root, coreword, sentence, note,phonetic from word WHERE ( word = ? ) 
2018-12-20 15:44:51,161 DEBUG (BaseJdbcLogger.java:159)- ==> Parameters: compatible(String)
2018-12-20 15:44:51,174 DEBUG (BaseJdbcLogger.java:159)- <==      Total: 1
2018-12-20 15:44:51,208 INFO (WordController.java:134)- coreWordPage method: pn:1,coreWord:compatible
2018-12-20 15:44:51,210 DEBUG (BaseJdbcLogger.java:159)- ==>  Preparing: select id, word, chinese, root, coreword, sentence, note,phonetic from word WHERE ( coreword = ? ) 
2018-12-20 15:44:51,218 DEBUG (BaseJdbcLogger.java:159)- ==> Parameters: compatible(String)
2018-12-20 15:44:51,240 DEBUG (BaseJdbcLogger.java:159)- <==      Total: 6
2018-12-20 15:44:52,227 DEBUG (BaseJdbcLogger.java:159)- ==>  Preparing: select * FROM `word` AS t1 JOIN (SELECT ROUND(RAND() * ((SELECT MAX(id) FROM `word`)-(SELECT MIN(id) FROM `word`))+(SELECT MIN(id) FROM `word`)) AS id) AS t2 WHERE t1.id >= t2.id ORDER BY t1.id LIMIT 1; 
2018-12-20 15:44:52,228 DEBUG (BaseJdbcLogger.java:159)- ==> Parameters: 
2018-12-20 15:44:52,231 DEBUG (BaseJdbcLogger.java:159)- <==      Total: 1
2018-12-20 15:44:52,234 DEBUG (BaseJdbcLogger.java:159)- ==>  Preparing: select id, word, chinese, root, coreword, sentence, note,phonetic from word WHERE ( word = ? ) 
2018-12-20 15:44:52,235 DEBUG (BaseJdbcLogger.java:159)- ==> Parameters: parent(String)
2018-12-20 15:44:52,245 DEBUG (BaseJdbcLogger.java:159)- <==      Total: 1
2018-12-20 15:44:52,255 INFO (WordController.java:134)- coreWordPage method: pn:1,coreWord:parent
2018-12-20 15:44:52,258 DEBUG (BaseJdbcLogger.java:159)- ==>  Preparing: select id, word, chinese, root, coreword, sentence, note,phonetic from word WHERE ( coreword = ? ) 
2018-12-20 15:44:52,259 DEBUG (BaseJdbcLogger.java:159)- ==> Parameters: parent(String)
2018-12-20 15:44:52,274 DEBUG (BaseJdbcLogger.java:159)- <==      Total: 17
2018-12-20 15:45:29,863 DEBUG (BaseJdbcLogger.java:159)- ==>  Preparing: select * FROM `word` AS t1 JOIN (SELECT ROUND(RAND() * ((SELECT MAX(id) FROM `word`)-(SELECT MIN(id) FROM `word`))+(SELECT MIN(id) FROM `word`)) AS id) AS t2 WHERE t1.id >= t2.id ORDER BY t1.id LIMIT 1; 
2018-12-20 15:45:29,864 DEBUG (BaseJdbcLogger.java:159)- ==> Parameters: 
2018-12-20 15:45:29,867 DEBUG (BaseJdbcLogger.java:159)- <==      Total: 1
2018-12-20 15:45:29,870 DEBUG (BaseJdbcLogger.java:159)- ==>  Preparing: select id, word, chinese, root, coreword, sentence, note,phonetic from word WHERE ( word = ? ) 
2018-12-20 15:45:29,871 DEBUG (BaseJdbcLogger.java:159)- ==> Parameters: station(String)
2018-12-20 15:45:29,885 DEBUG (BaseJdbcLogger.java:159)- <==      Total: 1
2018-12-20 15:45:29,897 INFO (WordController.java:134)- coreWordPage method: pn:1,coreWord:station
2018-12-20 15:45:29,899 DEBUG (BaseJdbcLogger.java:159)- ==>  Preparing: select id, word, chinese, root, coreword, sentence, note,phonetic from word WHERE ( coreword = ? ) 
2018-12-20 15:45:29,900 DEBUG (BaseJdbcLogger.java:159)- ==> Parameters: station(String)
2018-12-20 15:45:29,929 DEBUG (BaseJdbcLogger.java:159)- <==      Total: 13
2018-12-20 15:45:31,139 DEBUG (BaseJdbcLogger.java:159)- ==>  Preparing: select * FROM `word` AS t1 JOIN (SELECT ROUND(RAND() * ((SELECT MAX(id) FROM `word`)-(SELECT MIN(id) FROM `word`))+(SELECT MIN(id) FROM `word`)) AS id) AS t2 WHERE t1.id >= t2.id ORDER BY t1.id LIMIT 1; 
2018-12-20 15:45:31,140 DEBUG (BaseJdbcLogger.java:159)- ==> Parameters: 
2018-12-20 15:45:31,144 DEBUG (BaseJdbcLogger.java:159)- <==      Total: 1
2018-12-20 15:45:31,148 DEBUG (BaseJdbcLogger.java:159)- ==>  Preparing: select id, word, chinese, root, coreword, sentence, note,phonetic from word WHERE ( word = ? ) 
2018-12-20 15:45:31,149 DEBUG (BaseJdbcLogger.java:159)- ==> Parameters: still(String)
2018-12-20 15:45:31,158 DEBUG (BaseJdbcLogger.java:159)- <==      Total: 1
2018-12-20 15:45:31,180 INFO (WordController.java:134)- coreWordPage method: pn:1,coreWord:still
2018-12-20 15:45:31,182 DEBUG (BaseJdbcLogger.java:159)- ==>  Preparing: select id, word, chinese, root, coreword, sentence, note,phonetic from word WHERE ( coreword = ? ) 
2018-12-20 15:45:31,183 DEBUG (BaseJdbcLogger.java:159)- ==> Parameters: still(String)
2018-12-20 15:45:31,195 DEBUG (BaseJdbcLogger.java:159)- <==      Total: 16
